Using pre-set license
Built from '2021.3/staging' branch; Version is '2021.3.15f1 (e8e88683f834) revision 15263878'; Using compiler version '192829333'; Build Type 'Release'
OS: 'Windows 10  (10.0.19045) 64bit Core' Language: 'en' Physical Memory: 16320 MB
BatchMode: 1, IsHumanControllingUs: 0, StartBugReporterOnCrash: 0, Is64bit: 1, IsPro: 1

COMMAND LINE ARGUMENTS:
C:\Program Files\Unity\Hub\Editor\2021.3.15f1\Editor\Unity.exe
-adb2
-batchMode
-noUpm
-name
AssetImportWorker6
-projectPath
C:/GitHub/character-configurator/Character Configurator
-logFile
Logs/AssetImportWorker6.log
-srvPort
64595
Successfully changed project path to: C:/GitHub/character-configurator/Character Configurator
C:/GitHub/character-configurator/Character Configurator
[UnityMemory] Configuration Parameters - Can be set up in boot.config
    "memorysetup-bucket-allocator-granularity=16"
    "memorysetup-bucket-allocator-bucket-count=8"
    "memorysetup-bucket-allocator-block-size=33554432"
    "memorysetup-bucket-allocator-block-count=8"
    "memorysetup-main-allocator-block-size=16777216"
    "memorysetup-thread-allocator-block-size=16777216"
    "memorysetup-gfx-main-allocator-block-size=16777216"
    "memorysetup-gfx-thread-allocator-block-size=16777216"
    "memorysetup-cache-allocator-block-size=4194304"
    "memorysetup-typetree-allocator-block-size=2097152"
    "memorysetup-profiler-bucket-allocator-granularity=16"
    "memorysetup-profiler-bucket-allocator-bucket-count=8"
    "memorysetup-profiler-bucket-allocator-block-size=33554432"
    "memorysetup-profiler-bucket-allocator-block-count=8"
    "memorysetup-profiler-allocator-block-size=16777216"
    "memorysetup-profiler-editor-allocator-block-size=1048576"
    "memorysetup-temp-allocator-size-main=16777216"
    "memorysetup-job-temp-allocator-block-size=2097152"
    "memorysetup-job-temp-allocator-block-size-background=1048576"
    "memorysetup-job-temp-allocator-reduction-small-platforms=262144"
    "memorysetup-temp-allocator-size-background-worker=32768"
    "memorysetup-temp-allocator-size-job-worker=262144"
    "memorysetup-temp-allocator-size-preload-manager=33554432"
    "memorysetup-temp-allocator-size-nav-mesh-worker=65536"
    "memorysetup-temp-allocator-size-audio-worker=65536"
    "memorysetup-temp-allocator-size-cloud-worker=32768"
    "memorysetup-temp-allocator-size-gi-baking-worker=262144"
    "memorysetup-temp-allocator-size-gfx=262144"
Player connection [17476] Host "[IP] 192.168.1.180 [Port] 0 [Flags] 2 [Guid] 4270565720 [EditorId] 4270565720 [Version] 1048832 [Id] WindowsEditor(7,DESKTOP-G617HBI) [Debug] 1 [PackageName] WindowsEditor [ProjectName] Editor" joined multi-casting on [225.0.0.222:54997]...

Player connection [17476] Host "[IP] 192.168.1.180 [Port] 0 [Flags] 2 [Guid] 4270565720 [EditorId] 4270565720 [Version] 1048832 [Id] WindowsEditor(7,DESKTOP-G617HBI) [Debug] 1 [PackageName] WindowsEditor [ProjectName] Editor" joined alternative multi-casting on [225.0.0.222:34997]...

Refreshing native plugins compatible for Editor in 92.38 ms, found 3 plugins.
Preloading 0 native plugins for Editor in 0.00 ms.
Initialize engine version: 2021.3.15f1 (e8e88683f834)
[Subsystems] Discovering subsystems at path C:/Program Files/Unity/Hub/Editor/2021.3.15f1/Editor/Data/Resources/UnitySubsystems
[Subsystems] Discovering subsystems at path C:/GitHub/character-configurator/Character Configurator/Assets
GfxDevice: creating device client; threaded=0; jobified=0
Direct3D:
    Version:  Direct3D 11.0 [level 11.1]
    Renderer: AMD Radeon RX 5700 (ID=0x731f)
    Vendor:   ATI
    VRAM:     8151 MB
    Driver:   31.0.12027.7000
Initialize mono
Mono path[0] = 'C:/Program Files/Unity/Hub/Editor/2021.3.15f1/Editor/Data/Managed'
Mono path[1] = 'C:/Program Files/Unity/Hub/Editor/2021.3.15f1/Editor/Data/MonoBleedingEdge/lib/mono/unityjit-win32'
Mono config path = 'C:/Program Files/Unity/Hub/Editor/2021.3.15f1/Editor/Data/MonoBleedingEdge/etc'
Using monoOptions --debugger-agent=transport=dt_socket,embedding=1,server=y,suspend=n,address=127.0.0.1:56328
Begin MonoManager ReloadAssembly
Registering precompiled unity dll's ...
Register platform support module: C:/Program Files/Unity/Hub/Editor/2021.3.15f1/Editor/Data/PlaybackEngines/WebGLSupport/UnityEditor.WebGL.Extensions.dll
Register platform support module: C:/Program Files/Unity/Hub/Editor/2021.3.15f1/Editor/Data/PlaybackEngines/MacStandaloneSupport/UnityEditor.OSXStandalone.Extensions.dll
Register platform support module: C:/Program Files/Unity/Hub/Editor/2021.3.15f1/Editor/Data/PlaybackEngines/WindowsStandaloneSupport/UnityEditor.WindowsStandalone.Extensions.dll
Register platform support module: C:/Program Files/Unity/Hub/Editor/2021.3.15f1/Editor/Data/PlaybackEngines/MetroSupport/UnityEditor.UWP.Extensions.dll
Registered in 0.010582 seconds.
Native extension for UWP target not found
Native extension for WindowsStandalone target not found
Native extension for OSXStandalone target not found
Native extension for WebGL target not found
Refreshing native plugins compatible for Editor in 91.40 ms, found 3 plugins.
Preloading 0 native plugins for Editor in 0.00 ms.
Mono: successfully reloaded assembly
- Completed reload, in  0.603 seconds
Domain Reload Profiling:
	ReloadAssembly (603ms)
		BeginReloadAssembly (69ms)
			ExecutionOrderSort (0ms)
			DisableScriptedObjects (0ms)
			BackupInstance (0ms)
			ReleaseScriptingObjects (0ms)
			CreateAndSetChildDomain (1ms)
		EndReloadAssembly (425ms)
			LoadAssemblies (67ms)
			RebuildTransferFunctionScriptingTraits (0ms)
			SetupTypeCache (90ms)
			ReleaseScriptCaches (0ms)
			RebuildScriptCaches (23ms)
			SetupLoadedEditorAssemblies (267ms)
				LogAssemblyErrors (0ms)
				InitializePlatformSupportModulesInManaged (13ms)
				SetLoadedEditorAssemblies (0ms)
				RefreshPlugins (91ms)
				BeforeProcessingInitializeOnLoad (1ms)
				ProcessInitializeOnLoadAttributes (123ms)
				ProcessInitializeOnLoadMethodAttributes (37ms)
				AfterProcessingInitializeOnLoad (0ms)
				EditorAssembliesLoaded (0ms)
			ExecutionOrderSort2 (0ms)
			AwakeInstancesAfterBackupRestoration (0ms)
Platform modules already initialized, skipping
Registering precompiled user dll's ...
Registered in 0.006259 seconds.
Begin MonoManager ReloadAssembly
Symbol file LoadedFromMemory doesn't match image C:\GitHub\character-configurator\Character Configurator\Library\PackageCache\com.unity.visualscripting@1.7.8\Editor\VisualScripting.Core\Dependencies\YamlDotNet\Unity.VisualScripting.YamlDotNet.dll
Symbol file LoadedFromMemory doesn't match image C:\GitHub\character-configurator\Character Configurator\Library\PackageCache\com.unity.visualscripting@1.7.8\Editor\VisualScripting.Core\Dependencies\DotNetZip\Unity.VisualScripting.IonicZip.dll
Native extension for UWP target not found
Native extension for WindowsStandalone target not found
Native extension for OSXStandalone target not found
Native extension for WebGL target not found
Refreshing native plugins compatible for Editor in 0.81 ms, found 3 plugins.
Preloading 0 native plugins for Editor in 0.00 ms.
Mono: successfully reloaded assembly
- Completed reload, in  0.911 seconds
Domain Reload Profiling:
	ReloadAssembly (912ms)
		BeginReloadAssembly (97ms)
			ExecutionOrderSort (0ms)
			DisableScriptedObjects (5ms)
			BackupInstance (0ms)
			ReleaseScriptingObjects (0ms)
			CreateAndSetChildDomain (17ms)
		EndReloadAssembly (708ms)
			LoadAssemblies (70ms)
			RebuildTransferFunctionScriptingTraits (0ms)
			SetupTypeCache (231ms)
			ReleaseScriptCaches (1ms)
			RebuildScriptCaches (41ms)
			SetupLoadedEditorAssemblies (332ms)
				LogAssemblyErrors (0ms)
				InitializePlatformSupportModulesInManaged (10ms)
				SetLoadedEditorAssemblies (0ms)
				RefreshPlugins (1ms)
				BeforeProcessingInitializeOnLoad (82ms)
				ProcessInitializeOnLoadAttributes (210ms)
				ProcessInitializeOnLoadMethodAttributes (21ms)
				AfterProcessingInitializeOnLoad (8ms)
				EditorAssembliesLoaded (0ms)
			ExecutionOrderSort2 (0ms)
			AwakeInstancesAfterBackupRestoration (5ms)
Platform modules already initialized, skipping
========================================================================
Worker process is ready to serve import requests
Launched and connected shader compiler UnityShaderCompiler.exe after 0.04 seconds
Refreshing native plugins compatible for Editor in 0.79 ms, found 3 plugins.
Preloading 0 native plugins for Editor in 0.00 ms.
Unloading 3379 Unused Serialized files (Serialized files now loaded: 0)
Unloading 27 unused Assets / (114.0 KB). Loaded Objects now: 3839.
Memory consumption went from 121.9 MB to 121.8 MB.
Total: 2.765000 ms (FindLiveObjects: 0.291400 ms CreateObjectMapping: 0.081800 ms MarkObjects: 2.289700 ms  DeleteObjects: 0.101200 ms)

AssetImportParameters requested are different than current active one (requested -> active):
  custom:video-decoder-ogg-theora: a1e56fd34408186e4bbccfd4996cb3dc -> 
  custom:container-muxer-webm: aa71ff27fc2769a1b78a27578f13a17b -> 
  custom:container-demuxer-webm: 4f35f7cbe854078d1ac9338744f61a02 -> 
  custom:video-encoder-webm-vp8: eb34c28f22e8b96e1ab97ce403110664 -> 
  custom:audio-encoder-webm-vorbis: bf7c407c2cedff20999df2af8eb42d56 -> 
  custom:framework-win-MediaFoundation: 216162199b28c13a410421893ffa2e32 -> 
  custom:container-demuxer-ogg: 62fdf1f143b41e24485cea50d1cbac27 -> 
  custom:video-decoder-webm-vp8: 9c59270c3fd7afecdb556c50c9e8de78 -> 
  custom:audio-decoder-ogg-vorbis: bf7c407c2cedff20999df2af8eb42d56 -> 
========================================================================
Received Import Request.
  Time since last request: 525998.197140 seconds.
  path: Assets/PolygonFantasyHeroCharacters/Materials/FantasyHero.mat
  artifactKey: Guid(ea128b040f8b0af4c9d2de400aaff30a) Importer(815301076,1909f56bfc062723c751e8b465ee728b)
Start importing Assets/PolygonFantasyHeroCharacters/Materials/FantasyHero.mat using Guid(ea128b040f8b0af4c9d2de400aaff30a) Importer(815301076,1909f56bfc062723c751e8b465ee728b)  -> (artifact id: '011621520b2fa5177c6a37191a97de85') in 0.182794 seconds 
========================================================================
Received Import Request.
  Time since last request: 0.000019 seconds.
  path: Assets/PolygonFantasyHeroCharacters/Materials/CustomMaterials/FantasyHero_02.mat
  artifactKey: Guid(068b891fe967b1c45850c97d1092abe0) Importer(815301076,1909f56bfc062723c751e8b465ee728b)
Start importing Assets/PolygonFantasyHeroCharacters/Materials/CustomMaterials/FantasyHero_02.mat using Guid(068b891fe967b1c45850c97d1092abe0) Importer(815301076,1909f56bfc062723c751e8b465ee728b)  -> (artifact id: '70743461a0d28e4554d292070a2db5ce') in 0.024648 seconds 
========================================================================
Received Import Request.
  Time since last request: 0.000025 seconds.
  path: Assets/PolygonFantasyHeroCharacters/Materials/CustomMaterials/FantasyHero_16.mat
  artifactKey: Guid(d21f7d42ba6ee034081b42e3c8c26b8d) Importer(815301076,1909f56bfc062723c751e8b465ee728b)
Start importing Assets/PolygonFantasyHeroCharacters/Materials/CustomMaterials/FantasyHero_16.mat using Guid(d21f7d42ba6ee034081b42e3c8c26b8d) Importer(815301076,1909f56bfc062723c751e8b465ee728b)  -> (artifact id: 'd05e8cf533c2ca55f61b1fcc0de851d9') in 0.023313 seconds 
========================================================================
Received Import Request.
  Time since last request: 0.000015 seconds.
  path: Assets/PolygonFantasyHeroCharacters/Materials/CustomMaterials/FantasyHero_05.mat
  artifactKey: Guid(dad7f20a95630024891164ceaf8eaa2c) Importer(815301076,1909f56bfc062723c751e8b465ee728b)
Start importing Assets/PolygonFantasyHeroCharacters/Materials/CustomMaterials/FantasyHero_05.mat using Guid(dad7f20a95630024891164ceaf8eaa2c) Importer(815301076,1909f56bfc062723c751e8b465ee728b)  -> (artifact id: '24fa3af238a8aca087e30ab52e1add8a') in 0.022052 seconds 
========================================================================
Received Import Request.
  Time since last request: 0.000023 seconds.
  path: Assets/PolygonFantasyHeroCharacters/Materials/CustomMaterials/FantasyHero_03.mat
  artifactKey: Guid(79002ec0c93cf7a44938cac12e2da05e) Importer(815301076,1909f56bfc062723c751e8b465ee728b)
Start importing Assets/PolygonFantasyHeroCharacters/Materials/CustomMaterials/FantasyHero_03.mat using Guid(79002ec0c93cf7a44938cac12e2da05e) Importer(815301076,1909f56bfc062723c751e8b465ee728b)  -> (artifact id: '3134d1d89bb125e757036e90f4cdc318') in 0.023888 seconds 
========================================================================
Received Import Request.
  Time since last request: 0.000020 seconds.
  path: Assets/PolygonFantasyHeroCharacters/Materials/CustomMaterials/FantasyHero_08.mat
  artifactKey: Guid(3d8cf3a3ee92c054586ba27a00a8f0b2) Importer(815301076,1909f56bfc062723c751e8b465ee728b)
Start importing Assets/PolygonFantasyHeroCharacters/Materials/CustomMaterials/FantasyHero_08.mat using Guid(3d8cf3a3ee92c054586ba27a00a8f0b2) Importer(815301076,1909f56bfc062723c751e8b465ee728b)  -> (artifact id: 'd53d36239b81b4113e77e6fe49b3701a') in 0.023984 seconds 
========================================================================
Received Import Request.
  Time since last request: 0.000023 seconds.
  path: Assets/PolygonFantasyHeroCharacters/Materials/CustomMaterials/FantasyHero_14.mat
  artifactKey: Guid(a1cc9f2654c87cf4ab0eb7911bb283b9) Importer(815301076,1909f56bfc062723c751e8b465ee728b)
Start importing Assets/PolygonFantasyHeroCharacters/Materials/CustomMaterials/FantasyHero_14.mat using Guid(a1cc9f2654c87cf4ab0eb7911bb283b9) Importer(815301076,1909f56bfc062723c751e8b465ee728b)  -> (artifact id: '932cab8e9bae5dd3e52778529e9da99d') in 0.044044 seconds 
========================================================================
Received Import Request.
  Time since last request: 0.000017 seconds.
  path: Assets/PolygonFantasyHeroCharacters/Materials/CustomMaterials/FantasyHero_10.mat
  artifactKey: Guid(bb0e5c246b5b2df4bb4d15c8ea7ff485) Importer(815301076,1909f56bfc062723c751e8b465ee728b)
Start importing Assets/PolygonFantasyHeroCharacters/Materials/CustomMaterials/FantasyHero_10.mat using Guid(bb0e5c246b5b2df4bb4d15c8ea7ff485) Importer(815301076,1909f56bfc062723c751e8b465ee728b)  -> (artifact id: '7cc861a2084593f97d80a7dfa12b455d') in 0.023531 seconds 
========================================================================
Received Prepare
Registering precompiled user dll's ...
Registered in 0.007508 seconds.
Begin MonoManager ReloadAssembly
Symbol file LoadedFromMemory doesn't match image C:\GitHub\character-configurator\Character Configurator\Library\PackageCache\com.unity.visualscripting@1.7.8\Editor\VisualScripting.Core\Dependencies\YamlDotNet\Unity.VisualScripting.YamlDotNet.dll
Symbol file LoadedFromMemory doesn't match image C:\GitHub\character-configurator\Character Configurator\Library\PackageCache\com.unity.visualscripting@1.7.8\Editor\VisualScripting.Core\Dependencies\DotNetZip\Unity.VisualScripting.IonicZip.dll
Native extension for UWP target not found
Native extension for WindowsStandalone target not found
Native extension for OSXStandalone target not found
Native extension for WebGL target not found
Refreshing native plugins compatible for Editor in 0.80 ms, found 3 plugins.
Preloading 0 native plugins for Editor in 0.00 ms.
Mono: successfully reloaded assembly
- Completed reload, in  1.034 seconds
Domain Reload Profiling:
	ReloadAssembly (1034ms)
		BeginReloadAssembly (134ms)
			ExecutionOrderSort (0ms)
			DisableScriptedObjects (4ms)
			BackupInstance (0ms)
			ReleaseScriptingObjects (0ms)
			CreateAndSetChildDomain (38ms)
		EndReloadAssembly (806ms)
			LoadAssemblies (83ms)
			RebuildTransferFunctionScriptingTraits (0ms)
			SetupTypeCache (283ms)
			ReleaseScriptCaches (1ms)
			RebuildScriptCaches (42ms)
			SetupLoadedEditorAssemblies (352ms)
				LogAssemblyErrors (0ms)
				InitializePlatformSupportModulesInManaged (21ms)
				SetLoadedEditorAssemblies (0ms)
				RefreshPlugins (1ms)
				BeforeProcessingInitializeOnLoad (77ms)
				ProcessInitializeOnLoadAttributes (221ms)
				ProcessInitializeOnLoadMethodAttributes (23ms)
				AfterProcessingInitializeOnLoad (10ms)
				EditorAssembliesLoaded (0ms)
			ExecutionOrderSort2 (0ms)
			AwakeInstancesAfterBackupRestoration (5ms)
Platform modules already initialized, skipping
Refreshing native plugins compatible for Editor in 2.39 ms, found 3 plugins.
Preloading 0 native plugins for Editor in 0.00 ms.
Unloading 3360 Unused Serialized files (Serialized files now loaded: 0)
Unloading 20 unused Assets / (80.7 KB). Loaded Objects now: 3883.
Memory consumption went from 125.1 MB to 125.1 MB.
Total: 3.012100 ms (FindLiveObjects: 0.278400 ms CreateObjectMapping: 0.085100 ms MarkObjects: 2.535500 ms  DeleteObjects: 0.112400 ms)

AssetImportParameters requested are different than current active one (requested -> active):
  custom:video-decoder-ogg-theora: a1e56fd34408186e4bbccfd4996cb3dc -> 
  custom:container-muxer-webm: aa71ff27fc2769a1b78a27578f13a17b -> 
  custom:container-demuxer-webm: 4f35f7cbe854078d1ac9338744f61a02 -> 
  custom:video-encoder-webm-vp8: eb34c28f22e8b96e1ab97ce403110664 -> 
  custom:audio-encoder-webm-vorbis: bf7c407c2cedff20999df2af8eb42d56 -> 
  custom:framework-win-MediaFoundation: 216162199b28c13a410421893ffa2e32 -> 
  custom:container-demuxer-ogg: 62fdf1f143b41e24485cea50d1cbac27 -> 
  custom:video-decoder-webm-vp8: 9c59270c3fd7afecdb556c50c9e8de78 -> 
  custom:audio-decoder-ogg-vorbis: bf7c407c2cedff20999df2af8eb42d56 -> 
========================================================================
Received Import Request.
  Time since last request: 116.559988 seconds.
  path: Assets/Character Configurator Assets/Male/Chr_ArmUpperRight_Male_19.mesh
  artifactKey: Guid(cd986183c60c6d34298769dde0d6e5a3) Importer(815301076,1909f56bfc062723c751e8b465ee728b)
Start importing Assets/Character Configurator Assets/Male/Chr_ArmUpperRight_Male_19.mesh using Guid(cd986183c60c6d34298769dde0d6e5a3) Importer(815301076,1909f56bfc062723c751e8b465ee728b)  -> (artifact id: 'ca86f2c22f4650f0998a79b7034f5309') in 0.083994 seconds 
========================================================================
Received Import Request.
  Time since last request: 0.000021 seconds.
  path: Assets/PolygonFantasyHeroCharacters/Models/ModularCharacter_StaticParts/Chr_BackAttachment_05_Static.fbx
  artifactKey: Guid(41c01c784b644064e9c6d34fb8550b41) Importer(815301076,1909f56bfc062723c751e8b465ee728b)
Start importing Assets/PolygonFantasyHeroCharacters/Models/ModularCharacter_StaticParts/Chr_BackAttachment_05_Static.fbx using Guid(41c01c784b644064e9c6d34fb8550b41) Importer(815301076,1909f56bfc062723c751e8b465ee728b)  -> (artifact id: 'b246bc110e3f9424e02551ae8896dfdc') in 0.046259 seconds 
========================================================================
Received Import Request.
  Time since last request: 0.000026 seconds.
  path: Assets/PolygonFantasyHeroCharacters/Models/ModularCharacter_StaticParts/Chr_BackAttachment_06_Static.fbx
  artifactKey: Guid(3813b8c756bc91649b24879757b576e9) Importer(815301076,1909f56bfc062723c751e8b465ee728b)
Start importing Assets/PolygonFantasyHeroCharacters/Models/ModularCharacter_StaticParts/Chr_BackAttachment_06_Static.fbx using Guid(3813b8c756bc91649b24879757b576e9) Importer(815301076,1909f56bfc062723c751e8b465ee728b)  -> (artifact id: 'ac809286284e97b699eb0328e8b3cb97') in 0.023668 seconds 
========================================================================
Received Import Request.
  Time since last request: 362.506524 seconds.
  path: Assets/PolygonFantasyHeroCharacters/FixedScale/Models/Chr_BackAttachment_01.mesh
  artifactKey: Guid(b8dfffb08f452f548a19ca0dc146a6c4) Importer(815301076,1909f56bfc062723c751e8b465ee728b)
Start importing Assets/PolygonFantasyHeroCharacters/FixedScale/Models/Chr_BackAttachment_01.mesh using Guid(b8dfffb08f452f548a19ca0dc146a6c4) Importer(815301076,1909f56bfc062723c751e8b465ee728b)  -> (artifact id: 'e21e1c895c29fbdd2a9ac626c8c0c5d6') in 0.011734 seconds 
========================================================================
Received Import Request.
  Time since last request: 59.194749 seconds.
  path: Assets/Character Configurator Assets/Female/Chr_ArmLowerLeft_Female_01.mesh
  artifactKey: Guid(fa3d28d0feacb53428eeca64c544f508) Importer(815301076,1909f56bfc062723c751e8b465ee728b)
Start importing Assets/Character Configurator Assets/Female/Chr_ArmLowerLeft_Female_01.mesh using Guid(fa3d28d0feacb53428eeca64c544f508) Importer(815301076,1909f56bfc062723c751e8b465ee728b)  -> (artifact id: 'bcf1247c86734c0112f4d7d288380051') in 0.021403 seconds 
========================================================================
Received Import Request.
  Time since last request: 0.000020 seconds.
  path: Assets/Character Configurator Assets/Female/Chr_ArmLowerLeft_Female_07.mesh
  artifactKey: Guid(53e70567718175c4192500cf887931e4) Importer(815301076,1909f56bfc062723c751e8b465ee728b)
Start importing Assets/Character Configurator Assets/Female/Chr_ArmLowerLeft_Female_07.mesh using Guid(53e70567718175c4192500cf887931e4) Importer(815301076,1909f56bfc062723c751e8b465ee728b)  -> (artifact id: 'c06eed8c013ac269dd5f6f32ce1424a7') in 0.017708 seconds 
========================================================================
Received Import Request.
  Time since last request: 0.000023 seconds.
  path: Assets/Character Configurator Assets/Female/Chr_ArmLowerLeft_Female_06.mesh
  artifactKey: Guid(be9373ac9fda66543ab0bfe01b84be84) Importer(815301076,1909f56bfc062723c751e8b465ee728b)
Start importing Assets/Character Configurator Assets/Female/Chr_ArmLowerLeft_Female_06.mesh using Guid(be9373ac9fda66543ab0bfe01b84be84) Importer(815301076,1909f56bfc062723c751e8b465ee728b)  -> (artifact id: 'ec83c29e4e659083076080451c0d5bd0') in 0.019126 seconds 
========================================================================
Received Import Request.
  Time since last request: 2.772741 seconds.
  path: Assets/PolygonFantasyHeroCharacters/Models/ModularCharacter_StaticParts/Chr_BackAttachment_07_Static.fbx
  artifactKey: Guid(5e470b2cf93f60f46a7f5430c44a1cf5) Importer(815301076,1909f56bfc062723c751e8b465ee728b)
Start importing Assets/PolygonFantasyHeroCharacters/Models/ModularCharacter_StaticParts/Chr_BackAttachment_07_Static.fbx using Guid(5e470b2cf93f60f46a7f5430c44a1cf5) Importer(815301076,1909f56bfc062723c751e8b465ee728b)  -> (artifact id: '208833ddf6e959259e2a99564ea343eb') in 0.022865 seconds 
Editor requested this worker to shutdown with reason: Scaling down because of idle timeout
AssetImportWorker is now disconnected from the server
Process exiting
Exiting without the bug reporter. Application will terminate with return code 0