Using pre-set license
Built from '2021.3/staging' branch; Version is '2021.3.15f1 (e8e88683f834) revision 15263878'; Using compiler version '192829333'; Build Type 'Release'
OS: 'Windows 10  (10.0.19045) 64bit Core' Language: 'en' Physical Memory: 16320 MB
BatchMode: 1, IsHumanControllingUs: 0, StartBugReporterOnCrash: 0, Is64bit: 1, IsPro: 1

COMMAND LINE ARGUMENTS:
C:\Program Files\Unity\Hub\Editor\2021.3.15f1\Editor\Unity.exe
-adb2
-batchMode
-noUpm
-name
AssetImportWorker4
-projectPath
C:/GitHub/character-configurator/Character Configurator
-logFile
Logs/AssetImportWorker4.log
-srvPort
49284
Successfully changed project path to: C:/GitHub/character-configurator/Character Configurator
C:/GitHub/character-configurator/Character Configurator
[UnityMemory] Configuration Parameters - Can be set up in boot.config
    "memorysetup-bucket-allocator-granularity=16"
    "memorysetup-bucket-allocator-bucket-count=8"
    "memorysetup-bucket-allocator-block-size=33554432"
    "memorysetup-bucket-allocator-block-count=8"
    "memorysetup-main-allocator-block-size=16777216"
    "memorysetup-thread-allocator-block-size=16777216"
    "memorysetup-gfx-main-allocator-block-size=16777216"
    "memorysetup-gfx-thread-allocator-block-size=16777216"
    "memorysetup-cache-allocator-block-size=4194304"
    "memorysetup-typetree-allocator-block-size=2097152"
    "memorysetup-profiler-bucket-allocator-granularity=16"
    "memorysetup-profiler-bucket-allocator-bucket-count=8"
    "memorysetup-profiler-bucket-allocator-block-size=33554432"
    "memorysetup-profiler-bucket-allocator-block-count=8"
    "memorysetup-profiler-allocator-block-size=16777216"
    "memorysetup-profiler-editor-allocator-block-size=1048576"
    "memorysetup-temp-allocator-size-main=16777216"
    "memorysetup-job-temp-allocator-block-size=2097152"
    "memorysetup-job-temp-allocator-block-size-background=1048576"
    "memorysetup-job-temp-allocator-reduction-small-platforms=262144"
    "memorysetup-temp-allocator-size-background-worker=32768"
    "memorysetup-temp-allocator-size-job-worker=262144"
    "memorysetup-temp-allocator-size-preload-manager=33554432"
    "memorysetup-temp-allocator-size-nav-mesh-worker=65536"
    "memorysetup-temp-allocator-size-audio-worker=65536"
    "memorysetup-temp-allocator-size-cloud-worker=32768"
    "memorysetup-temp-allocator-size-gi-baking-worker=262144"
    "memorysetup-temp-allocator-size-gfx=262144"
Player connection [27088] Host "[IP] 192.168.1.180 [Port] 0 [Flags] 2 [Guid] 1381087235 [EditorId] 1381087235 [Version] 1048832 [Id] WindowsEditor(7,DESKTOP-G617HBI) [Debug] 1 [PackageName] WindowsEditor [ProjectName] Editor" joined multi-casting on [225.0.0.222:54997]...

Player connection [27088] Host "[IP] 192.168.1.180 [Port] 0 [Flags] 2 [Guid] 1381087235 [EditorId] 1381087235 [Version] 1048832 [Id] WindowsEditor(7,DESKTOP-G617HBI) [Debug] 1 [PackageName] WindowsEditor [ProjectName] Editor" joined alternative multi-casting on [225.0.0.222:34997]...

Refreshing native plugins compatible for Editor in 91.72 ms, found 3 plugins.
Preloading 0 native plugins for Editor in 0.00 ms.
Initialize engine version: 2021.3.15f1 (e8e88683f834)
[Subsystems] Discovering subsystems at path C:/Program Files/Unity/Hub/Editor/2021.3.15f1/Editor/Data/Resources/UnitySubsystems
[Subsystems] Discovering subsystems at path C:/GitHub/character-configurator/Character Configurator/Assets
GfxDevice: creating device client; threaded=0; jobified=0
Direct3D:
    Version:  Direct3D 11.0 [level 11.1]
    Renderer: AMD Radeon RX 5700 (ID=0x731f)
    Vendor:   ATI
    VRAM:     8151 MB
    Driver:   31.0.12027.7000
Initialize mono
Mono path[0] = 'C:/Program Files/Unity/Hub/Editor/2021.3.15f1/Editor/Data/Managed'
Mono path[1] = 'C:/Program Files/Unity/Hub/Editor/2021.3.15f1/Editor/Data/MonoBleedingEdge/lib/mono/unityjit-win32'
Mono config path = 'C:/Program Files/Unity/Hub/Editor/2021.3.15f1/Editor/Data/MonoBleedingEdge/etc'
Using monoOptions --debugger-agent=transport=dt_socket,embedding=1,server=y,suspend=n,address=127.0.0.1:56072
Begin MonoManager ReloadAssembly
Registering precompiled unity dll's ...
Register platform support module: C:/Program Files/Unity/Hub/Editor/2021.3.15f1/Editor/Data/PlaybackEngines/WebGLSupport/UnityEditor.WebGL.Extensions.dll
Register platform support module: C:/Program Files/Unity/Hub/Editor/2021.3.15f1/Editor/Data/PlaybackEngines/MacStandaloneSupport/UnityEditor.OSXStandalone.Extensions.dll
Register platform support module: C:/Program Files/Unity/Hub/Editor/2021.3.15f1/Editor/Data/PlaybackEngines/WindowsStandaloneSupport/UnityEditor.WindowsStandalone.Extensions.dll
Register platform support module: C:/Program Files/Unity/Hub/Editor/2021.3.15f1/Editor/Data/PlaybackEngines/MetroSupport/UnityEditor.UWP.Extensions.dll
Registered in 0.010186 seconds.
Native extension for UWP target not found
Native extension for WindowsStandalone target not found
Native extension for OSXStandalone target not found
Native extension for WebGL target not found
Refreshing native plugins compatible for Editor in 92.20 ms, found 3 plugins.
Preloading 0 native plugins for Editor in 0.00 ms.
Mono: successfully reloaded assembly
- Completed reload, in  0.803 seconds
Domain Reload Profiling:
	ReloadAssembly (803ms)
		BeginReloadAssembly (66ms)
			ExecutionOrderSort (0ms)
			DisableScriptedObjects (0ms)
			BackupInstance (0ms)
			ReleaseScriptingObjects (0ms)
			CreateAndSetChildDomain (1ms)
		EndReloadAssembly (542ms)
			LoadAssemblies (64ms)
			RebuildTransferFunctionScriptingTraits (0ms)
			SetupTypeCache (204ms)
			ReleaseScriptCaches (0ms)
			RebuildScriptCaches (23ms)
			SetupLoadedEditorAssemblies (269ms)
				LogAssemblyErrors (0ms)
				InitializePlatformSupportModulesInManaged (13ms)
				SetLoadedEditorAssemblies (0ms)
				RefreshPlugins (92ms)
				BeforeProcessingInitializeOnLoad (1ms)
				ProcessInitializeOnLoadAttributes (121ms)
				ProcessInitializeOnLoadMethodAttributes (41ms)
				AfterProcessingInitializeOnLoad (0ms)
				EditorAssembliesLoaded (0ms)
			ExecutionOrderSort2 (0ms)
			AwakeInstancesAfterBackupRestoration (0ms)
Platform modules already initialized, skipping
Registering precompiled user dll's ...
Registered in 0.006209 seconds.
Begin MonoManager ReloadAssembly
Symbol file LoadedFromMemory doesn't match image C:\GitHub\character-configurator\Character Configurator\Library\PackageCache\com.unity.visualscripting@1.7.8\Editor\VisualScripting.Core\Dependencies\YamlDotNet\Unity.VisualScripting.YamlDotNet.dll
Symbol file LoadedFromMemory doesn't match image C:\GitHub\character-configurator\Character Configurator\Library\PackageCache\com.unity.visualscripting@1.7.8\Editor\VisualScripting.Core\Dependencies\DotNetZip\Unity.VisualScripting.IonicZip.dll
Native extension for UWP target not found
Native extension for WindowsStandalone target not found
Native extension for OSXStandalone target not found
Native extension for WebGL target not found
Refreshing native plugins compatible for Editor in 0.84 ms, found 3 plugins.
Preloading 0 native plugins for Editor in 0.00 ms.
Mono: successfully reloaded assembly
- Completed reload, in  0.969 seconds
Domain Reload Profiling:
	ReloadAssembly (969ms)
		BeginReloadAssembly (95ms)
			ExecutionOrderSort (0ms)
			DisableScriptedObjects (5ms)
			BackupInstance (0ms)
			ReleaseScriptingObjects (0ms)
			CreateAndSetChildDomain (17ms)
		EndReloadAssembly (770ms)
			LoadAssemblies (70ms)
			RebuildTransferFunctionScriptingTraits (0ms)
			SetupTypeCache (291ms)
			ReleaseScriptCaches (1ms)
			RebuildScriptCaches (41ms)
			SetupLoadedEditorAssemblies (335ms)
				LogAssemblyErrors (0ms)
				InitializePlatformSupportModulesInManaged (10ms)
				SetLoadedEditorAssemblies (0ms)
				RefreshPlugins (1ms)
				BeforeProcessingInitializeOnLoad (82ms)
				ProcessInitializeOnLoadAttributes (213ms)
				ProcessInitializeOnLoadMethodAttributes (20ms)
				AfterProcessingInitializeOnLoad (8ms)
				EditorAssembliesLoaded (0ms)
			ExecutionOrderSort2 (0ms)
			AwakeInstancesAfterBackupRestoration (5ms)
Platform modules already initialized, skipping
========================================================================
Worker process is ready to serve import requests
Launched and connected shader compiler UnityShaderCompiler.exe after 0.06 seconds
Refreshing native plugins compatible for Editor in 0.83 ms, found 3 plugins.
Preloading 0 native plugins for Editor in 0.00 ms.
Unloading 3383 Unused Serialized files (Serialized files now loaded: 0)
Unloading 27 unused Assets / (114.1 KB). Loaded Objects now: 3844.
Memory consumption went from 122.4 MB to 122.3 MB.
Total: 2.729900 ms (FindLiveObjects: 0.264900 ms CreateObjectMapping: 0.097400 ms MarkObjects: 2.266300 ms  DeleteObjects: 0.100600 ms)

AssetImportParameters requested are different than current active one (requested -> active):
  custom:video-decoder-ogg-theora: a1e56fd34408186e4bbccfd4996cb3dc -> 
  custom:container-muxer-webm: aa71ff27fc2769a1b78a27578f13a17b -> 
  custom:container-demuxer-webm: 4f35f7cbe854078d1ac9338744f61a02 -> 
  custom:video-encoder-webm-vp8: eb34c28f22e8b96e1ab97ce403110664 -> 
  custom:audio-encoder-webm-vorbis: bf7c407c2cedff20999df2af8eb42d56 -> 
  custom:framework-win-MediaFoundation: 216162199b28c13a410421893ffa2e32 -> 
  custom:container-demuxer-ogg: 62fdf1f143b41e24485cea50d1cbac27 -> 
  custom:video-decoder-webm-vp8: 9c59270c3fd7afecdb556c50c9e8de78 -> 
  custom:audio-decoder-ogg-vorbis: bf7c407c2cedff20999df2af8eb42d56 -> 
========================================================================
Received Import Request.
  Time since last request: 1779140.194109 seconds.
  path: Assets/Character Configurator Assets/Female/Chr_Head_Female_00.mesh
  artifactKey: Guid(bbda4e018f4013044ac89dea756a0507) Importer(815301076,1909f56bfc062723c751e8b465ee728b)
Start importing Assets/Character Configurator Assets/Female/Chr_Head_Female_00.mesh using Guid(bbda4e018f4013044ac89dea756a0507) Importer(815301076,1909f56bfc062723c751e8b465ee728b)  -> (artifact id: 'dd61bab8a25e0ed7e7df4eb551962823') in 0.128627 seconds 
========================================================================
Received Import Request.
  Time since last request: 0.000017 seconds.
  path: Assets/PolygonFantasyHeroCharacters/Prefabs/Characters_ModularParts_Static/Chr_Head_Female_01_Static.prefab
  artifactKey: Guid(2e12d36dc8e100d4d817e431bdcf6f08) Importer(815301076,1909f56bfc062723c751e8b465ee728b)
Start importing Assets/PolygonFantasyHeroCharacters/Prefabs/Characters_ModularParts_Static/Chr_Head_Female_01_Static.prefab using Guid(2e12d36dc8e100d4d817e431bdcf6f08) Importer(815301076,1909f56bfc062723c751e8b465ee728b)  -> (artifact id: '40d3d3c8d655d3b3bb8a8439c5ebae7f') in 0.064154 seconds 
========================================================================
Received Import Request.
  Time since last request: 65.849787 seconds.
  path: Assets/Character Configurator Assets/Male/Chr_LegRight_Male_13.mesh
  artifactKey: Guid(7dde836fa13083e4a9ff054b48e6488c) Importer(815301076,1909f56bfc062723c751e8b465ee728b)
Start importing Assets/Character Configurator Assets/Male/Chr_LegRight_Male_13.mesh using Guid(7dde836fa13083e4a9ff054b48e6488c) Importer(815301076,1909f56bfc062723c751e8b465ee728b)  -> (artifact id: 'ef54a2cfcf0bbc09cfadc0603fb65b53') in 0.023359 seconds 
========================================================================
Received Import Request.
  Time since last request: 0.000018 seconds.
  path: Assets/Character Configurator Assets/Male/Chr_LegRight_Male_16.mesh
  artifactKey: Guid(419dee13d5edc774ca739503b7a8bd7e) Importer(815301076,1909f56bfc062723c751e8b465ee728b)
Start importing Assets/Character Configurator Assets/Male/Chr_LegRight_Male_16.mesh using Guid(419dee13d5edc774ca739503b7a8bd7e) Importer(815301076,1909f56bfc062723c751e8b465ee728b)  -> (artifact id: '23ff05f878b31fafe3ee04cf11ee6fc8') in 0.016940 seconds 
========================================================================
Received Import Request.
  Time since last request: 0.000015 seconds.
  path: Assets/Character Configurator Assets/Male/Chr_LegRight_Male_15.mesh
  artifactKey: Guid(7350c21175d8627418752f47d0d19ba8) Importer(815301076,1909f56bfc062723c751e8b465ee728b)
Start importing Assets/Character Configurator Assets/Male/Chr_LegRight_Male_15.mesh using Guid(7350c21175d8627418752f47d0d19ba8) Importer(815301076,1909f56bfc062723c751e8b465ee728b)  -> (artifact id: '71fd3b3147cdb97847e7e9a21c7449d6') in 0.015352 seconds 
========================================================================
Received Import Request.
  Time since last request: 0.220246 seconds.
  path: Assets/Character Configurator Assets/Male/Chr_LegRight_Male_02.mesh
  artifactKey: Guid(0f584956685ff0a4bb8f585483789bb5) Importer(815301076,1909f56bfc062723c751e8b465ee728b)
Start importing Assets/Character Configurator Assets/Male/Chr_LegRight_Male_02.mesh using Guid(0f584956685ff0a4bb8f585483789bb5) Importer(815301076,1909f56bfc062723c751e8b465ee728b)  -> (artifact id: '6c09c4e5ce3a2151effcb9d39d1d69ff') in 0.015448 seconds 
========================================================================
Received Import Request.
  Time since last request: 0.000020 seconds.
  path: Assets/Character Configurator Assets/Male/Chr_LegRight_Male_07.mesh
  artifactKey: Guid(bf70a467c3b951d4d8473a76c7a103d9) Importer(815301076,1909f56bfc062723c751e8b465ee728b)
Start importing Assets/Character Configurator Assets/Male/Chr_LegRight_Male_07.mesh using Guid(bf70a467c3b951d4d8473a76c7a103d9) Importer(815301076,1909f56bfc062723c751e8b465ee728b)  -> (artifact id: '24e4d6367e110096cbbc912dd5646c7f') in 0.016573 seconds 
========================================================================
Received Import Request.
  Time since last request: 0.000017 seconds.
  path: Assets/Character Configurator Assets/Male/Chr_LegRight_Male_05.mesh
  artifactKey: Guid(07e4144c99334c3429c4aed78aaab6ed) Importer(815301076,1909f56bfc062723c751e8b465ee728b)
Start importing Assets/Character Configurator Assets/Male/Chr_LegRight_Male_05.mesh using Guid(07e4144c99334c3429c4aed78aaab6ed) Importer(815301076,1909f56bfc062723c751e8b465ee728b)  -> (artifact id: '946bdcce859725a9bc2c122793afabe2') in 0.017054 seconds 
========================================================================
Received Import Request.
  Time since last request: 0.000017 seconds.
  path: Assets/Character Configurator Assets/Male/Chr_LegRight_Male_11.mesh
  artifactKey: Guid(7e63fa3795be7304498aa933c62c6d07) Importer(815301076,1909f56bfc062723c751e8b465ee728b)
Start importing Assets/Character Configurator Assets/Male/Chr_LegRight_Male_11.mesh using Guid(7e63fa3795be7304498aa933c62c6d07) Importer(815301076,1909f56bfc062723c751e8b465ee728b)  -> (artifact id: '543d0328df80ba0f138be6f5a3c81cef') in 0.016676 seconds 
========================================================================
Received Import Request.
  Time since last request: 0.000025 seconds.
  path: Assets/Character Configurator Assets/Male/Chr_LegRight_Male_09.mesh
  artifactKey: Guid(d301af7a90b0cad45aefe7d07d66c826) Importer(815301076,1909f56bfc062723c751e8b465ee728b)
Start importing Assets/Character Configurator Assets/Male/Chr_LegRight_Male_09.mesh using Guid(d301af7a90b0cad45aefe7d07d66c826) Importer(815301076,1909f56bfc062723c751e8b465ee728b)  -> (artifact id: 'e89e26b37acdb499b70688deb7e5b075') in 0.015501 seconds 
========================================================================
Received Import Request.
  Time since last request: 0.243326 seconds.
  path: Assets/Character Configurator Assets/Male/Chr_LegLeft_Male_11.mesh
  artifactKey: Guid(69533dcec5f89c34e9471edbb03125d3) Importer(815301076,1909f56bfc062723c751e8b465ee728b)
Start importing Assets/Character Configurator Assets/Male/Chr_LegLeft_Male_11.mesh using Guid(69533dcec5f89c34e9471edbb03125d3) Importer(815301076,1909f56bfc062723c751e8b465ee728b)  -> (artifact id: '338fcf42e06a79e51d14c49043201fa4') in 0.015530 seconds 
========================================================================
Received Import Request.
  Time since last request: 0.000018 seconds.
  path: Assets/Character Configurator Assets/Male/Chr_LegLeft_Male_14.mesh
  artifactKey: Guid(0eea9507ca1e5a84a8589e90cc75f897) Importer(815301076,1909f56bfc062723c751e8b465ee728b)
Start importing Assets/Character Configurator Assets/Male/Chr_LegLeft_Male_14.mesh using Guid(0eea9507ca1e5a84a8589e90cc75f897) Importer(815301076,1909f56bfc062723c751e8b465ee728b)  -> (artifact id: 'd97360c845ce11027dd11ceda47791cd') in 0.016352 seconds 
========================================================================
Received Import Request.
  Time since last request: 0.000019 seconds.
  path: Assets/Character Configurator Assets/Male/Chr_LegLeft_Male_13.mesh
  artifactKey: Guid(4564c11af7c96ba4fa38be69c4860dd4) Importer(815301076,1909f56bfc062723c751e8b465ee728b)
Start importing Assets/Character Configurator Assets/Male/Chr_LegLeft_Male_13.mesh using Guid(4564c11af7c96ba4fa38be69c4860dd4) Importer(815301076,1909f56bfc062723c751e8b465ee728b)  -> (artifact id: '98d9b5c62c6e748a70bdf4746e524da1') in 0.016987 seconds 
========================================================================
Received Import Request.
  Time since last request: 0.000020 seconds.
  path: Assets/Character Configurator Assets/Male/Chr_LegLeft_Male_08.mesh
  artifactKey: Guid(ee23caf1fcd17c6439448d977698fbd8) Importer(815301076,1909f56bfc062723c751e8b465ee728b)
Start importing Assets/Character Configurator Assets/Male/Chr_LegLeft_Male_08.mesh using Guid(ee23caf1fcd17c6439448d977698fbd8) Importer(815301076,1909f56bfc062723c751e8b465ee728b)  -> (artifact id: '273862d5acd51b6e4427d5df3b2ac8fd') in 0.016000 seconds 
========================================================================
Received Import Request.
  Time since last request: 0.000022 seconds.
  path: Assets/Character Configurator Assets/Male/Chr_LegLeft_Male_02.mesh
  artifactKey: Guid(e873091994744f14588b1b4af35216f0) Importer(815301076,1909f56bfc062723c751e8b465ee728b)
Start importing Assets/Character Configurator Assets/Male/Chr_LegLeft_Male_02.mesh using Guid(e873091994744f14588b1b4af35216f0) Importer(815301076,1909f56bfc062723c751e8b465ee728b)  -> (artifact id: 'c6c296f8d15524d82597a841950f6fbb') in 0.016091 seconds 
========================================================================
Received Import Request.
  Time since last request: 0.000016 seconds.
  path: Assets/Character Configurator Assets/Male/Chr_Hips_Male_21.mesh
  artifactKey: Guid(2dbdb10b34bd0a748ad11eb58d5dd434) Importer(815301076,1909f56bfc062723c751e8b465ee728b)
Start importing Assets/Character Configurator Assets/Male/Chr_Hips_Male_21.mesh using Guid(2dbdb10b34bd0a748ad11eb58d5dd434) Importer(815301076,1909f56bfc062723c751e8b465ee728b)  -> (artifact id: '617681e4234a8f2d387fe0730ee08331') in 0.017764 seconds 
========================================================================
Received Import Request.
  Time since last request: 0.000016 seconds.
  path: Assets/Character Configurator Assets/Male/Chr_Hips_Male_28.mesh
  artifactKey: Guid(8ed68bdde7e0b9c46afb2fbec533259c) Importer(815301076,1909f56bfc062723c751e8b465ee728b)
Start importing Assets/Character Configurator Assets/Male/Chr_Hips_Male_28.mesh using Guid(8ed68bdde7e0b9c46afb2fbec533259c) Importer(815301076,1909f56bfc062723c751e8b465ee728b)  -> (artifact id: '772b26d8b7e85a83c149ffb4be34ff98') in 0.016180 seconds 
========================================================================
Received Import Request.
  Time since last request: 0.000017 seconds.
  path: Assets/Character Configurator Assets/Male/Chr_Hips_Male_26.mesh
  artifactKey: Guid(5f27ab16117cc664e9d42d0ceba8cae3) Importer(815301076,1909f56bfc062723c751e8b465ee728b)
Start importing Assets/Character Configurator Assets/Male/Chr_Hips_Male_26.mesh using Guid(5f27ab16117cc664e9d42d0ceba8cae3) Importer(815301076,1909f56bfc062723c751e8b465ee728b)  -> (artifact id: 'd6a54ceb251a90ca21e47765d9fbe5ab') in 0.019569 seconds 
========================================================================
Received Import Request.
  Time since last request: 0.000018 seconds.
  path: Assets/Character Configurator Assets/Male/Chr_LegLeft_Male_05.mesh
  artifactKey: Guid(9eaba0c19ccba844b9e01f3966ab970f) Importer(815301076,1909f56bfc062723c751e8b465ee728b)
Start importing Assets/Character Configurator Assets/Male/Chr_LegLeft_Male_05.mesh using Guid(9eaba0c19ccba844b9e01f3966ab970f) Importer(815301076,1909f56bfc062723c751e8b465ee728b)  -> (artifact id: '52b3150fefad58491b95ded9235b6760') in 0.016111 seconds 
========================================================================
Received Import Request.
  Time since last request: 0.000017 seconds.
  path: Assets/Character Configurator Assets/Male/Chr_LegLeft_Male_09.mesh
  artifactKey: Guid(445871f35f5cf2f4b8141b35b5b301f1) Importer(815301076,1909f56bfc062723c751e8b465ee728b)
Start importing Assets/Character Configurator Assets/Male/Chr_LegLeft_Male_09.mesh using Guid(445871f35f5cf2f4b8141b35b5b301f1) Importer(815301076,1909f56bfc062723c751e8b465ee728b)  -> (artifact id: '14ab430e27f4bfdbdfecd3a1a1610533') in 0.020502 seconds 
========================================================================
Received Import Request.
  Time since last request: 0.000029 seconds.
  path: Assets/Character Configurator Assets/Male/Chr_LegLeft_Male_10.mesh
  artifactKey: Guid(6f1c6e4971ab0924d91a1deaa8abdc88) Importer(815301076,1909f56bfc062723c751e8b465ee728b)
Start importing Assets/Character Configurator Assets/Male/Chr_LegLeft_Male_10.mesh using Guid(6f1c6e4971ab0924d91a1deaa8abdc88) Importer(815301076,1909f56bfc062723c751e8b465ee728b)  -> (artifact id: '0f8b81d6b3cb59c9db7f375a272cef1d') in 0.016704 seconds 
========================================================================
Received Import Request.
  Time since last request: 0.000018 seconds.
  path: Assets/Character Configurator Assets/Male/Chr_Hips_Male_22.mesh
  artifactKey: Guid(9eaa2511940d8d949aeceabc2d272a49) Importer(815301076,1909f56bfc062723c751e8b465ee728b)
Start importing Assets/Character Configurator Assets/Male/Chr_Hips_Male_22.mesh using Guid(9eaa2511940d8d949aeceabc2d272a49) Importer(815301076,1909f56bfc062723c751e8b465ee728b)  -> (artifact id: 'fd150f1ea61dee6d3a4f9217be846488') in 0.017064 seconds 
========================================================================
Received Import Request.
  Time since last request: 0.000020 seconds.
  path: Assets/Character Configurator Assets/Male/Chr_Hips_Male_24.mesh
  artifactKey: Guid(ede4daef536be4f4aa9003f649e9d1fb) Importer(815301076,1909f56bfc062723c751e8b465ee728b)
Start importing Assets/Character Configurator Assets/Male/Chr_Hips_Male_24.mesh using Guid(ede4daef536be4f4aa9003f649e9d1fb) Importer(815301076,1909f56bfc062723c751e8b465ee728b)  -> (artifact id: '3f8df5bcf168f6fa46b8adf051a02cc4') in 0.016889 seconds 
========================================================================
Received Import Request.
  Time since last request: 0.000015 seconds.
  path: Assets/Character Configurator Assets/Male/Chr_Hips_Male_25.mesh
  artifactKey: Guid(71b5ac51ead2d0e4086cd04e7a1f663b) Importer(815301076,1909f56bfc062723c751e8b465ee728b)
Start importing Assets/Character Configurator Assets/Male/Chr_Hips_Male_25.mesh using Guid(71b5ac51ead2d0e4086cd04e7a1f663b) Importer(815301076,1909f56bfc062723c751e8b465ee728b)  -> (artifact id: '9a4b8f330fcd27bdf026e749d6022cba') in 0.015844 seconds 
========================================================================
Received Import Request.
  Time since last request: 0.048729 seconds.
  path: Assets/Character Configurator Assets/Male/Chr_Hips_Male_07.mesh
  artifactKey: Guid(a6e89105c3880f64e91b310dceee85a1) Importer(815301076,1909f56bfc062723c751e8b465ee728b)
Start importing Assets/Character Configurator Assets/Male/Chr_Hips_Male_07.mesh using Guid(a6e89105c3880f64e91b310dceee85a1) Importer(815301076,1909f56bfc062723c751e8b465ee728b)  -> (artifact id: 'ed534d098eff1f98dbf8d07a1d223ea5') in 0.018449 seconds 
========================================================================
Received Import Request.
  Time since last request: 0.000014 seconds.
  path: Assets/Character Configurator Assets/Male/Chr_Hips_Male_15.mesh
  artifactKey: Guid(c939267a250f3c646b692a757d3fbdd4) Importer(815301076,1909f56bfc062723c751e8b465ee728b)
Start importing Assets/Character Configurator Assets/Male/Chr_Hips_Male_15.mesh using Guid(c939267a250f3c646b692a757d3fbdd4) Importer(815301076,1909f56bfc062723c751e8b465ee728b)  -> (artifact id: 'aa50e7574aeebdae208fab7c4a4a169c') in 0.016742 seconds 
========================================================================
Received Import Request.
  Time since last request: 0.000016 seconds.
  path: Assets/Character Configurator Assets/Male/Chr_Hips_Male_09.mesh
  artifactKey: Guid(9b166b8f80d671f46ac4ae2a3a7d2030) Importer(815301076,1909f56bfc062723c751e8b465ee728b)
Start importing Assets/Character Configurator Assets/Male/Chr_Hips_Male_09.mesh using Guid(9b166b8f80d671f46ac4ae2a3a7d2030) Importer(815301076,1909f56bfc062723c751e8b465ee728b)  -> (artifact id: 'ef3a959c72c4d76d4f276d8670a83858') in 0.020002 seconds 
========================================================================
Received Import Request.
  Time since last request: 0.000017 seconds.
  path: Assets/Character Configurator Assets/Male/Chr_Hips_Male_04.mesh
  artifactKey: Guid(c9ebfdb06375ab149b2848c8a6ad3421) Importer(815301076,1909f56bfc062723c751e8b465ee728b)
Start importing Assets/Character Configurator Assets/Male/Chr_Hips_Male_04.mesh using Guid(c9ebfdb06375ab149b2848c8a6ad3421) Importer(815301076,1909f56bfc062723c751e8b465ee728b)  -> (artifact id: '624d1e606f10f52caacb465f6badbe09') in 0.019016 seconds 
========================================================================
Received Import Request.
  Time since last request: 0.000040 seconds.
  path: Assets/Character Configurator Assets/Male/Chr_Hips_Male_12.mesh
  artifactKey: Guid(744c1475a5660c14e8a5db8e00ca1d57) Importer(815301076,1909f56bfc062723c751e8b465ee728b)
Start importing Assets/Character Configurator Assets/Male/Chr_Hips_Male_12.mesh using Guid(744c1475a5660c14e8a5db8e00ca1d57) Importer(815301076,1909f56bfc062723c751e8b465ee728b)  -> (artifact id: '72e25d9d84b0d8a19d22ea813a8f431a') in 0.017940 seconds 
========================================================================
Received Import Request.
  Time since last request: 0.000030 seconds.
  path: Assets/Character Configurator Assets/Male/Chr_Hips_Male_13.mesh
  artifactKey: Guid(caf50a6c5f5ef6e4fab3a4d71be61766) Importer(815301076,1909f56bfc062723c751e8b465ee728b)
Start importing Assets/Character Configurator Assets/Male/Chr_Hips_Male_13.mesh using Guid(caf50a6c5f5ef6e4fab3a4d71be61766) Importer(815301076,1909f56bfc062723c751e8b465ee728b)  -> (artifact id: 'fa5b10802e31059cd8f963e1a4fd2905') in 0.017823 seconds 
========================================================================
Received Import Request.
  Time since last request: 0.000015 seconds.
  path: Assets/Character Configurator Assets/Male/Chr_Hips_Male_16.mesh
  artifactKey: Guid(ffdd188161fee4147a1d37fc726a00e6) Importer(815301076,1909f56bfc062723c751e8b465ee728b)
Start importing Assets/Character Configurator Assets/Male/Chr_Hips_Male_16.mesh using Guid(ffdd188161fee4147a1d37fc726a00e6) Importer(815301076,1909f56bfc062723c751e8b465ee728b)  -> (artifact id: '77736a43853629dce6f87821b2cf3770') in 0.018609 seconds 
========================================================================
Received Import Request.
  Time since last request: 0.000019 seconds.
  path: Assets/Character Configurator Assets/Male/Chr_Hips_Male_02.mesh
  artifactKey: Guid(5182b01258d2e28468a528717ea519a4) Importer(815301076,1909f56bfc062723c751e8b465ee728b)
Start importing Assets/Character Configurator Assets/Male/Chr_Hips_Male_02.mesh using Guid(5182b01258d2e28468a528717ea519a4) Importer(815301076,1909f56bfc062723c751e8b465ee728b)  -> (artifact id: 'b3a20fbf2792ecd9ab4ec082324a1a2f') in 0.018953 seconds 
========================================================================
Received Import Request.
  Time since last request: 0.000017 seconds.
  path: Assets/Character Configurator Assets/Male/Chr_Hips_Male_00.mesh
  artifactKey: Guid(7fea9760f4914cb46ade51cdf37f1fdb) Importer(815301076,1909f56bfc062723c751e8b465ee728b)
Start importing Assets/Character Configurator Assets/Male/Chr_Hips_Male_00.mesh using Guid(7fea9760f4914cb46ade51cdf37f1fdb) Importer(815301076,1909f56bfc062723c751e8b465ee728b)  -> (artifact id: '441f1ddd3fb65e3134011b21f48df696') in 0.018158 seconds 
========================================================================
Received Import Request.
  Time since last request: 0.452122 seconds.
  path: Assets/Character Configurator Assets/Male/Chr_Head_Male_21.mesh
  artifactKey: Guid(d13a10408dcd2b8439459943747bb10e) Importer(815301076,1909f56bfc062723c751e8b465ee728b)
Start importing Assets/Character Configurator Assets/Male/Chr_Head_Male_21.mesh using Guid(d13a10408dcd2b8439459943747bb10e) Importer(815301076,1909f56bfc062723c751e8b465ee728b)  -> (artifact id: 'd58a33c10cc2493955ae9cd08d4f743d') in 0.016611 seconds 
========================================================================
Received Import Request.
  Time since last request: 0.000015 seconds.
  path: Assets/Character Configurator Assets/Male/Chr_Head_No_Elements_Male_09.mesh
  artifactKey: Guid(89e8aced5ee0d844fa4de5ac76c32122) Importer(815301076,1909f56bfc062723c751e8b465ee728b)
Start importing Assets/Character Configurator Assets/Male/Chr_Head_No_Elements_Male_09.mesh using Guid(89e8aced5ee0d844fa4de5ac76c32122) Importer(815301076,1909f56bfc062723c751e8b465ee728b)  -> (artifact id: 'baf3882a8591a2c1552aa74845c08af7') in 0.016953 seconds 
========================================================================
Received Import Request.
  Time since last request: 0.000016 seconds.
  path: Assets/Character Configurator Assets/Male/Chr_Head_Male_11.mesh
  artifactKey: Guid(c28e84af8b924c449b449ec7154c8f95) Importer(815301076,1909f56bfc062723c751e8b465ee728b)
Start importing Assets/Character Configurator Assets/Male/Chr_Head_Male_11.mesh using Guid(c28e84af8b924c449b449ec7154c8f95) Importer(815301076,1909f56bfc062723c751e8b465ee728b)  -> (artifact id: 'ed0e6f0b590e8f2699a87331396810b0') in 0.015770 seconds 
========================================================================
Received Import Request.
  Time since last request: 0.000019 seconds.
  path: Assets/Character Configurator Assets/Male/Chr_Head_Male_17.mesh
  artifactKey: Guid(5939cd3a603454d4782e48bc83e8bf97) Importer(815301076,1909f56bfc062723c751e8b465ee728b)
Start importing Assets/Character Configurator Assets/Male/Chr_Head_Male_17.mesh using Guid(5939cd3a603454d4782e48bc83e8bf97) Importer(815301076,1909f56bfc062723c751e8b465ee728b)  -> (artifact id: '8d152ccac912f2e78e287f0a000abd68') in 0.015881 seconds 
========================================================================
Received Import Request.
  Time since last request: 0.000024 seconds.
  path: Assets/Character Configurator Assets/Male/Chr_Head_Male_15.mesh
  artifactKey: Guid(d5bb4f7f8ed9f8844a1641a56bfb4eb5) Importer(815301076,1909f56bfc062723c751e8b465ee728b)
Start importing Assets/Character Configurator Assets/Male/Chr_Head_Male_15.mesh using Guid(d5bb4f7f8ed9f8844a1641a56bfb4eb5) Importer(815301076,1909f56bfc062723c751e8b465ee728b)  -> (artifact id: 'a332b8a10a043863e9e090778422ad99') in 0.015107 seconds 
========================================================================
Received Import Request.
  Time since last request: 0.000023 seconds.
  path: Assets/Character Configurator Assets/Male/Chr_Head_Male_05.mesh
  artifactKey: Guid(176b2b3c169517f468d6f1b67dec2876) Importer(815301076,1909f56bfc062723c751e8b465ee728b)
Start importing Assets/Character Configurator Assets/Male/Chr_Head_Male_05.mesh using Guid(176b2b3c169517f468d6f1b67dec2876) Importer(815301076,1909f56bfc062723c751e8b465ee728b)  -> (artifact id: '39c18d39d3279da19e549fac0d28680a') in 0.016894 seconds 
========================================================================
Received Import Request.
  Time since last request: 0.000016 seconds.
  path: Assets/Character Configurator Assets/Male/Chr_Head_Male_07.mesh
  artifactKey: Guid(4025b8e514293454ea5a3f82f23ee806) Importer(815301076,1909f56bfc062723c751e8b465ee728b)
Start importing Assets/Character Configurator Assets/Male/Chr_Head_Male_07.mesh using Guid(4025b8e514293454ea5a3f82f23ee806) Importer(815301076,1909f56bfc062723c751e8b465ee728b)  -> (artifact id: '61fa09e3903e64f27585867286e4fc05') in 0.016477 seconds 
========================================================================
Received Import Request.
  Time since last request: 0.000016 seconds.
  path: Assets/Character Configurator Assets/Male/Chr_Head_Male_20.mesh
  artifactKey: Guid(8a86f0b9457c2984f97f07ec856002b7) Importer(815301076,1909f56bfc062723c751e8b465ee728b)
Start importing Assets/Character Configurator Assets/Male/Chr_Head_Male_20.mesh using Guid(8a86f0b9457c2984f97f07ec856002b7) Importer(815301076,1909f56bfc062723c751e8b465ee728b)  -> (artifact id: '5a88e6e485f8e3429e9a40a290130721') in 0.016258 seconds 
========================================================================
Received Import Request.
  Time since last request: 0.000018 seconds.
  path: Assets/Character Configurator Assets/Male/Chr_Head_Male_03.mesh
  artifactKey: Guid(77cd2694a3acb06428e1548dd9f4b66f) Importer(815301076,1909f56bfc062723c751e8b465ee728b)
Start importing Assets/Character Configurator Assets/Male/Chr_Head_Male_03.mesh using Guid(77cd2694a3acb06428e1548dd9f4b66f) Importer(815301076,1909f56bfc062723c751e8b465ee728b)  -> (artifact id: '0e6c889381f8aac34eb69cea8b0689ff') in 0.015770 seconds 
========================================================================
Received Import Request.
  Time since last request: 0.000018 seconds.
  path: Assets/Character Configurator Assets/Male/Chr_HandRight_Male_17.mesh
  artifactKey: Guid(1e62ac98c91ed4b4b968f52f98144810) Importer(815301076,1909f56bfc062723c751e8b465ee728b)
Start importing Assets/Character Configurator Assets/Male/Chr_HandRight_Male_17.mesh using Guid(1e62ac98c91ed4b4b968f52f98144810) Importer(815301076,1909f56bfc062723c751e8b465ee728b)  -> (artifact id: '2e346d0576bc3b8d982f0733e183c1e8') in 0.016320 seconds 
========================================================================
Received Import Request.
  Time since last request: 0.000018 seconds.
  path: Assets/Character Configurator Assets/Male/Chr_Head_Male_01.mesh
  artifactKey: Guid(4b6fb85df4f9dac4faa77ef0bf70ebc6) Importer(815301076,1909f56bfc062723c751e8b465ee728b)
Start importing Assets/Character Configurator Assets/Male/Chr_Head_Male_01.mesh using Guid(4b6fb85df4f9dac4faa77ef0bf70ebc6) Importer(815301076,1909f56bfc062723c751e8b465ee728b)  -> (artifact id: '95f083c0491bf485766d336ee0068f6e') in 0.015294 seconds 
========================================================================
Received Import Request.
  Time since last request: 0.000023 seconds.
  path: Assets/Character Configurator Assets/Male/Chr_Head_Male_18.mesh
  artifactKey: Guid(f988b7f0cfad5b949915ae26d0b8719f) Importer(815301076,1909f56bfc062723c751e8b465ee728b)
Start importing Assets/Character Configurator Assets/Male/Chr_Head_Male_18.mesh using Guid(f988b7f0cfad5b949915ae26d0b8719f) Importer(815301076,1909f56bfc062723c751e8b465ee728b)  -> (artifact id: 'a659742d365e409aabdf716e12dbeeac') in 0.016316 seconds 
========================================================================
Received Import Request.
  Time since last request: 0.000016 seconds.
  path: Assets/Character Configurator Assets/Male/Chr_Head_Male_19.mesh
  artifactKey: Guid(1c334e71e2b39d245a68da4fe5056d09) Importer(815301076,1909f56bfc062723c751e8b465ee728b)
Start importing Assets/Character Configurator Assets/Male/Chr_Head_Male_19.mesh using Guid(1c334e71e2b39d245a68da4fe5056d09) Importer(815301076,1909f56bfc062723c751e8b465ee728b)  -> (artifact id: '62e3ff7f7068cd976764c8ac31c421a1') in 0.014826 seconds 
========================================================================
Received Import Request.
  Time since last request: 1.300755 seconds.
  path: Assets/Character Configurator Assets/Male/Chr_HandRight_Male_06.mesh
  artifactKey: Guid(fe187e5295e6e23459a6921ca1e5d45e) Importer(815301076,1909f56bfc062723c751e8b465ee728b)
Start importing Assets/Character Configurator Assets/Male/Chr_HandRight_Male_06.mesh using Guid(fe187e5295e6e23459a6921ca1e5d45e) Importer(815301076,1909f56bfc062723c751e8b465ee728b)  -> (artifact id: 'eb79aca31a1adafa7b6109e005849ce2') in 0.016480 seconds 
========================================================================
Received Import Request.
  Time since last request: 0.000016 seconds.
  path: Assets/Character Configurator Assets/Male/Chr_HandRight_Male_11.mesh
  artifactKey: Guid(9ba782e15959001419a7128c978f9f49) Importer(815301076,1909f56bfc062723c751e8b465ee728b)
Start importing Assets/Character Configurator Assets/Male/Chr_HandRight_Male_11.mesh using Guid(9ba782e15959001419a7128c978f9f49) Importer(815301076,1909f56bfc062723c751e8b465ee728b)  -> (artifact id: 'ab821bb170388f35ecfbed56cbe9b20e') in 0.016943 seconds 
========================================================================
Received Import Request.
  Time since last request: 0.000025 seconds.
  path: Assets/Character Configurator Assets/Male/Chr_HandRight_Male_13.mesh
  artifactKey: Guid(c9e6482f01b527740a91c9d26cf79ace) Importer(815301076,1909f56bfc062723c751e8b465ee728b)
Start importing Assets/Character Configurator Assets/Male/Chr_HandRight_Male_13.mesh using Guid(c9e6482f01b527740a91c9d26cf79ace) Importer(815301076,1909f56bfc062723c751e8b465ee728b)  -> (artifact id: '64db8889496c32ff135697e8e1a9d9d1') in 0.015234 seconds 
========================================================================
Received Import Request.
  Time since last request: 0.000018 seconds.
  path: Assets/Character Configurator Assets/Male/Chr_HandRight_Male_01.mesh
  artifactKey: Guid(7ac871fa249d9b245a86a06a8d0974df) Importer(815301076,1909f56bfc062723c751e8b465ee728b)
Start importing Assets/Character Configurator Assets/Male/Chr_HandRight_Male_01.mesh using Guid(7ac871fa249d9b245a86a06a8d0974df) Importer(815301076,1909f56bfc062723c751e8b465ee728b)  -> (artifact id: '74bb9726d5f6dda30fc14ce8866645a2') in 0.016204 seconds 
========================================================================
Received Import Request.
  Time since last request: 0.000017 seconds.
  path: Assets/Character Configurator Assets/Male/Chr_HandLeft_Male_16.mesh
  artifactKey: Guid(1795afb8590fa6e4ab8d5d5bbdf6b91c) Importer(815301076,1909f56bfc062723c751e8b465ee728b)
Start importing Assets/Character Configurator Assets/Male/Chr_HandLeft_Male_16.mesh using Guid(1795afb8590fa6e4ab8d5d5bbdf6b91c) Importer(815301076,1909f56bfc062723c751e8b465ee728b)  -> (artifact id: '3653fc73e5010de769be29fe03e08025') in 0.017108 seconds 
========================================================================
Received Import Request.
  Time since last request: 0.000016 seconds.
  path: Assets/Character Configurator Assets/Male/Chr_HandRight_Male_00.mesh
  artifactKey: Guid(482ebc2e276dde04cac38a35d8bc65ec) Importer(815301076,1909f56bfc062723c751e8b465ee728b)
Start importing Assets/Character Configurator Assets/Male/Chr_HandRight_Male_00.mesh using Guid(482ebc2e276dde04cac38a35d8bc65ec) Importer(815301076,1909f56bfc062723c751e8b465ee728b)  -> (artifact id: 'd3250b6fd05d60d44795f4d35e1edb28') in 0.016932 seconds 
========================================================================
Received Import Request.
  Time since last request: 0.000023 seconds.
  path: Assets/Character Configurator Assets/Male/Chr_HandLeft_Male_15.mesh
  artifactKey: Guid(ed7c5fcc9cb64204fa3c7e74ac41815c) Importer(815301076,1909f56bfc062723c751e8b465ee728b)
Start importing Assets/Character Configurator Assets/Male/Chr_HandLeft_Male_15.mesh using Guid(ed7c5fcc9cb64204fa3c7e74ac41815c) Importer(815301076,1909f56bfc062723c751e8b465ee728b)  -> (artifact id: 'f5e9aa3f936178715e53907b904f0292') in 0.015693 seconds 
========================================================================
Received Import Request.
  Time since last request: 0.000019 seconds.
  path: Assets/Character Configurator Assets/Male/Chr_HandLeft_Male_05.mesh
  artifactKey: Guid(67b0aa7af0e4e874398de00d2fa8f1da) Importer(815301076,1909f56bfc062723c751e8b465ee728b)
Start importing Assets/Character Configurator Assets/Male/Chr_HandLeft_Male_05.mesh using Guid(67b0aa7af0e4e874398de00d2fa8f1da) Importer(815301076,1909f56bfc062723c751e8b465ee728b)  -> (artifact id: 'f4364c04c42bdd0b2471db735ff1a43b') in 0.016715 seconds 
========================================================================
Received Import Request.
  Time since last request: 0.000021 seconds.
  path: Assets/Character Configurator Assets/Male/Chr_HandLeft_Male_12.mesh
  artifactKey: Guid(132f36954287a124bbdd46ea14ef1df9) Importer(815301076,1909f56bfc062723c751e8b465ee728b)
Start importing Assets/Character Configurator Assets/Male/Chr_HandLeft_Male_12.mesh using Guid(132f36954287a124bbdd46ea14ef1df9) Importer(815301076,1909f56bfc062723c751e8b465ee728b)  -> (artifact id: '5a966e2a1a7e58988650729c82b51567') in 0.019363 seconds 
========================================================================
Received Import Request.
  Time since last request: 0.000026 seconds.
  path: Assets/Character Configurator Assets/Male/Chr_HandLeft_Male_04.mesh
  artifactKey: Guid(2a44ec49c098f3745ad699b85d34c769) Importer(815301076,1909f56bfc062723c751e8b465ee728b)
Start importing Assets/Character Configurator Assets/Male/Chr_HandLeft_Male_04.mesh using Guid(2a44ec49c098f3745ad699b85d34c769) Importer(815301076,1909f56bfc062723c751e8b465ee728b)  -> (artifact id: '85055af56cf4967d797ab5ac08733e22') in 0.018377 seconds 
========================================================================
Received Import Request.
  Time since last request: 0.000031 seconds.
  path: Assets/Character Configurator Assets/Male/Chr_HandRight_Male_09.mesh
  artifactKey: Guid(75c2a4f11beb92e43bc8a22328264c48) Importer(815301076,1909f56bfc062723c751e8b465ee728b)
Start importing Assets/Character Configurator Assets/Male/Chr_HandRight_Male_09.mesh using Guid(75c2a4f11beb92e43bc8a22328264c48) Importer(815301076,1909f56bfc062723c751e8b465ee728b)  -> (artifact id: '2dbcea9785d468c9fc5c61ef163699fc') in 0.017007 seconds 
========================================================================
Received Import Request.
  Time since last request: 0.000019 seconds.
  path: Assets/Character Configurator Assets/Male/Chr_HandRight_Male_02.mesh
  artifactKey: Guid(8150a6bdf0cc8694e8928a8f692a537d) Importer(815301076,1909f56bfc062723c751e8b465ee728b)
Start importing Assets/Character Configurator Assets/Male/Chr_HandRight_Male_02.mesh using Guid(8150a6bdf0cc8694e8928a8f692a537d) Importer(815301076,1909f56bfc062723c751e8b465ee728b)  -> (artifact id: '3e8010f8ad997ac243f57d98110edd55') in 0.024886 seconds 
========================================================================
Received Import Request.
  Time since last request: 0.358837 seconds.
  path: Assets/Character Configurator Assets/Male/Chr_FacialHair_Male_10.mesh
  artifactKey: Guid(935b03716e8ca3647b1fc0fff71c0701) Importer(815301076,1909f56bfc062723c751e8b465ee728b)
Start importing Assets/Character Configurator Assets/Male/Chr_FacialHair_Male_10.mesh using Guid(935b03716e8ca3647b1fc0fff71c0701) Importer(815301076,1909f56bfc062723c751e8b465ee728b)  -> (artifact id: '93be6ae4788676f6ac50b451c94c9303') in 0.017613 seconds 
========================================================================
Received Import Request.
  Time since last request: 0.000015 seconds.
  path: Assets/Character Configurator Assets/Male/Chr_FacialHair_Male_13.mesh
  artifactKey: Guid(14862ab67785e4040a7a521c22ef78ea) Importer(815301076,1909f56bfc062723c751e8b465ee728b)
Start importing Assets/Character Configurator Assets/Male/Chr_FacialHair_Male_13.mesh using Guid(14862ab67785e4040a7a521c22ef78ea) Importer(815301076,1909f56bfc062723c751e8b465ee728b)  -> (artifact id: 'af236c3ada65125ec94028a884cfbccf') in 0.016039 seconds 
========================================================================
Received Import Request.
  Time since last request: 0.000017 seconds.
  path: Assets/Character Configurator Assets/Male/Chr_HandLeft_Male_00.mesh
  artifactKey: Guid(0615ff0a94ee4944e95f783b2c55844c) Importer(815301076,1909f56bfc062723c751e8b465ee728b)
Start importing Assets/Character Configurator Assets/Male/Chr_HandLeft_Male_00.mesh using Guid(0615ff0a94ee4944e95f783b2c55844c) Importer(815301076,1909f56bfc062723c751e8b465ee728b)  -> (artifact id: '94d267cc465c141a3ea7a92db103f38b') in 0.016571 seconds 
========================================================================
Received Import Request.
  Time since last request: 0.000014 seconds.
  path: Assets/Character Configurator Assets/Male/Chr_FacialHair_Male_04.mesh
  artifactKey: Guid(16a24091e097ef244874a82b28555bf1) Importer(815301076,1909f56bfc062723c751e8b465ee728b)
Start importing Assets/Character Configurator Assets/Male/Chr_FacialHair_Male_04.mesh using Guid(16a24091e097ef244874a82b28555bf1) Importer(815301076,1909f56bfc062723c751e8b465ee728b)  -> (artifact id: '524e0bc678c03ba6c82a643dabf2a5da') in 0.016713 seconds 
========================================================================
Received Import Request.
  Time since last request: 0.000018 seconds.
  path: Assets/Character Configurator Assets/Male/Chr_Eyebrow_Male_08.mesh
  artifactKey: Guid(5c9cf27d133e60146b6562bb3d3a2335) Importer(815301076,1909f56bfc062723c751e8b465ee728b)
Start importing Assets/Character Configurator Assets/Male/Chr_Eyebrow_Male_08.mesh using Guid(5c9cf27d133e60146b6562bb3d3a2335) Importer(815301076,1909f56bfc062723c751e8b465ee728b)  -> (artifact id: 'c7b68f264625705e471a2106f1552d99') in 0.017540 seconds 
========================================================================
Received Import Request.
  Time since last request: 0.000023 seconds.
  path: Assets/Character Configurator Assets/Male/Chr_ArmUpperRight_Male_18.mesh
  artifactKey: Guid(160a5a73fb8099744b53ccf674c55c14) Importer(815301076,1909f56bfc062723c751e8b465ee728b)
Start importing Assets/Character Configurator Assets/Male/Chr_ArmUpperRight_Male_18.mesh using Guid(160a5a73fb8099744b53ccf674c55c14) Importer(815301076,1909f56bfc062723c751e8b465ee728b)  -> (artifact id: '23a9d95e477da9f0c41027039ab257ea') in 0.019005 seconds 
========================================================================
Received Import Request.
  Time since last request: 0.000016 seconds.
  path: Assets/Character Configurator Assets/Male/Chr_FacialHair_Male_07.mesh
  artifactKey: Guid(0114e95c6f65cb44f90212ed14470bfe) Importer(815301076,1909f56bfc062723c751e8b465ee728b)
Start importing Assets/Character Configurator Assets/Male/Chr_FacialHair_Male_07.mesh using Guid(0114e95c6f65cb44f90212ed14470bfe) Importer(815301076,1909f56bfc062723c751e8b465ee728b)  -> (artifact id: '3935f5f19e1597bd74c22bc146b460d4') in 0.016516 seconds 
========================================================================
Received Import Request.
  Time since last request: 0.000017 seconds.
  path: Assets/Character Configurator Assets/Male/Chr_Eyebrow_Male_09.mesh
  artifactKey: Guid(e7fc7406958c8f44089f7944735cea9e) Importer(815301076,1909f56bfc062723c751e8b465ee728b)
Start importing Assets/Character Configurator Assets/Male/Chr_Eyebrow_Male_09.mesh using Guid(e7fc7406958c8f44089f7944735cea9e) Importer(815301076,1909f56bfc062723c751e8b465ee728b)  -> (artifact id: '0ae827a099133179ddd081450c79b488') in 0.016922 seconds 
========================================================================
Received Import Request.
  Time since last request: 0.280432 seconds.
  path: Assets/Character Configurator Assets/Male/Chr_ArmUpperRight_Male_07.mesh
  artifactKey: Guid(3c6ea143a47b2c74eb92537f24086dd5) Importer(815301076,1909f56bfc062723c751e8b465ee728b)
Start importing Assets/Character Configurator Assets/Male/Chr_ArmUpperRight_Male_07.mesh using Guid(3c6ea143a47b2c74eb92537f24086dd5) Importer(815301076,1909f56bfc062723c751e8b465ee728b)  -> (artifact id: 'b7b460bec5c815bb7ae55dd8ba8e8087') in 0.016960 seconds 
========================================================================
Received Import Request.
  Time since last request: 0.000020 seconds.
  path: Assets/Character Configurator Assets/Male/Chr_ArmUpperRight_Male_12.mesh
  artifactKey: Guid(9def0f6731d24004fa2e853c548676f9) Importer(815301076,1909f56bfc062723c751e8b465ee728b)
Start importing Assets/Character Configurator Assets/Male/Chr_ArmUpperRight_Male_12.mesh using Guid(9def0f6731d24004fa2e853c548676f9) Importer(815301076,1909f56bfc062723c751e8b465ee728b)  -> (artifact id: '7f8156ac769ad691363fedc2bdb85729') in 0.016922 seconds 
========================================================================
Received Import Request.
  Time since last request: 0.000021 seconds.
  path: Assets/Character Configurator Assets/Male/Chr_ArmUpperRight_Male_14.mesh
  artifactKey: Guid(4a1a85bf0d8a9d24dac78598a84c3b28) Importer(815301076,1909f56bfc062723c751e8b465ee728b)
Start importing Assets/Character Configurator Assets/Male/Chr_ArmUpperRight_Male_14.mesh using Guid(4a1a85bf0d8a9d24dac78598a84c3b28) Importer(815301076,1909f56bfc062723c751e8b465ee728b)  -> (artifact id: 'dece94dcfe965f4f81c7884b703f04ee') in 0.017261 seconds 
========================================================================
Received Import Request.
  Time since last request: 0.000018 seconds.
  path: Assets/Character Configurator Assets/Male/Chr_ArmUpperLeft_Male_18.mesh
  artifactKey: Guid(17d6b172222eade4f863326d364408ca) Importer(815301076,1909f56bfc062723c751e8b465ee728b)
Start importing Assets/Character Configurator Assets/Male/Chr_ArmUpperLeft_Male_18.mesh using Guid(17d6b172222eade4f863326d364408ca) Importer(815301076,1909f56bfc062723c751e8b465ee728b)  -> (artifact id: 'a4df967cb3bd27ddc773e04d182b69b2') in 0.018407 seconds 
========================================================================
Received Import Request.
  Time since last request: 0.000015 seconds.
  path: Assets/Character Configurator Assets/Male/Chr_ArmUpperRight_Male_01.mesh
  artifactKey: Guid(b465a8c8a9405e14aa27c0a67f2bd3e0) Importer(815301076,1909f56bfc062723c751e8b465ee728b)
Start importing Assets/Character Configurator Assets/Male/Chr_ArmUpperRight_Male_01.mesh using Guid(b465a8c8a9405e14aa27c0a67f2bd3e0) Importer(815301076,1909f56bfc062723c751e8b465ee728b)  -> (artifact id: '0ee770b8c23fbae1935a57c7889ac674') in 0.017663 seconds 
========================================================================
Received Import Request.
  Time since last request: 0.000016 seconds.
  path: Assets/Character Configurator Assets/Male/Chr_ArmUpperLeft_Male_14.mesh
  artifactKey: Guid(84c0b095b0589944e854c486eb3fe189) Importer(815301076,1909f56bfc062723c751e8b465ee728b)
Start importing Assets/Character Configurator Assets/Male/Chr_ArmUpperLeft_Male_14.mesh using Guid(84c0b095b0589944e854c486eb3fe189) Importer(815301076,1909f56bfc062723c751e8b465ee728b)  -> (artifact id: '7844d0306f81d9711314a3692a36da34') in 0.018120 seconds 
========================================================================
Received Import Request.
  Time since last request: 0.000018 seconds.
  path: Assets/Character Configurator Assets/Male/Chr_ArmUpperLeft_Male_19.mesh
  artifactKey: Guid(42987a55bbb0ae04a9d91e2c930d0d05) Importer(815301076,1909f56bfc062723c751e8b465ee728b)
Start importing Assets/Character Configurator Assets/Male/Chr_ArmUpperLeft_Male_19.mesh using Guid(42987a55bbb0ae04a9d91e2c930d0d05) Importer(815301076,1909f56bfc062723c751e8b465ee728b)  -> (artifact id: '3deb05a733ffc0d149a6ce67ccf3a0bf') in 0.016015 seconds 
========================================================================
Received Import Request.
  Time since last request: 0.000016 seconds.
  path: Assets/Character Configurator Assets/Male/Chr_ArmUpperLeft_Male_08.mesh
  artifactKey: Guid(6e17812d175d5ac479eaac0ac668091d) Importer(815301076,1909f56bfc062723c751e8b465ee728b)
Start importing Assets/Character Configurator Assets/Male/Chr_ArmUpperLeft_Male_08.mesh using Guid(6e17812d175d5ac479eaac0ac668091d) Importer(815301076,1909f56bfc062723c751e8b465ee728b)  -> (artifact id: '13c953930a4bb632d9b783733fd29bc1') in 0.018386 seconds 
========================================================================
Received Import Request.
  Time since last request: 0.000025 seconds.
  path: Assets/Character Configurator Assets/Male/Chr_ArmUpperRight_Male_15.mesh
  artifactKey: Guid(05c046d9f6deef84cafd2c5b4953fca4) Importer(815301076,1909f56bfc062723c751e8b465ee728b)
Start importing Assets/Character Configurator Assets/Male/Chr_ArmUpperRight_Male_15.mesh using Guid(05c046d9f6deef84cafd2c5b4953fca4) Importer(815301076,1909f56bfc062723c751e8b465ee728b)  -> (artifact id: 'f1575a9b9be373e16fc2a7301947e738') in 0.017102 seconds 
========================================================================
Received Import Request.
  Time since last request: 0.000018 seconds.
  path: Assets/Character Configurator Assets/Male/Chr_ArmUpperLeft_Male_09.mesh
  artifactKey: Guid(64bce7e131d315749a9576c942c571b0) Importer(815301076,1909f56bfc062723c751e8b465ee728b)
Start importing Assets/Character Configurator Assets/Male/Chr_ArmUpperLeft_Male_09.mesh using Guid(64bce7e131d315749a9576c942c571b0) Importer(815301076,1909f56bfc062723c751e8b465ee728b)  -> (artifact id: 'd33c7c6d6bd9a404890fdd44fb2dfbfd') in 0.017788 seconds 
========================================================================
Received Import Request.
  Time since last request: 6.392881 seconds.
  path: Assets/PolygonFantasyHeroCharacters/Models/ModularCharacter_StaticParts/Chr_Head_Female_05_Static.fbx
  artifactKey: Guid(9f684d3557b438148b5b13fdd1a51dc7) Importer(815301076,1909f56bfc062723c751e8b465ee728b)
Start importing Assets/PolygonFantasyHeroCharacters/Models/ModularCharacter_StaticParts/Chr_Head_Female_05_Static.fbx using Guid(9f684d3557b438148b5b13fdd1a51dc7) Importer(815301076,1909f56bfc062723c751e8b465ee728b)  -> (artifact id: '0bd29f2105107ade98a90bd8b2523c02') in 0.025083 seconds 
========================================================================
Received Import Request.
  Time since last request: 0.023519 seconds.
  path: Assets/PolygonFantasyHeroCharacters/Prefabs/Characters_ModularParts_Static/Chr_Head_Female_07_Static.prefab
  artifactKey: Guid(dc10852f72ab2ec43bee8a0ee01a9626) Importer(815301076,1909f56bfc062723c751e8b465ee728b)
Start importing Assets/PolygonFantasyHeroCharacters/Prefabs/Characters_ModularParts_Static/Chr_Head_Female_07_Static.prefab using Guid(dc10852f72ab2ec43bee8a0ee01a9626) Importer(815301076,1909f56bfc062723c751e8b465ee728b)  -> (artifact id: '776e0bbac663e5edf714042aed47c4d3') in 0.026839 seconds 
========================================================================
Received Import Request.
  Time since last request: 0.000018 seconds.
  path: Assets/Character Configurator Assets/Female/Chr_Head_Female_09.mesh
  artifactKey: Guid(71b9cf3db4aeb9f4fbfddd1966b83b19) Importer(815301076,1909f56bfc062723c751e8b465ee728b)
Start importing Assets/Character Configurator Assets/Female/Chr_Head_Female_09.mesh using Guid(71b9cf3db4aeb9f4fbfddd1966b83b19) Importer(815301076,1909f56bfc062723c751e8b465ee728b)  -> (artifact id: '0914ac1b3e1699379b2adffe7f42a4e5') in 0.018211 seconds 
========================================================================
Received Import Request.
  Time since last request: 0.398207 seconds.
  path: Assets/PolygonFantasyHeroCharacters/Models/ModularCharacter_StaticParts/Chr_Head_Female_09_Static.fbx
  artifactKey: Guid(3794df2df52b428439503f90669f2242) Importer(815301076,1909f56bfc062723c751e8b465ee728b)
Start importing Assets/PolygonFantasyHeroCharacters/Models/ModularCharacter_StaticParts/Chr_Head_Female_09_Static.fbx using Guid(3794df2df52b428439503f90669f2242) Importer(815301076,1909f56bfc062723c751e8b465ee728b)  -> (artifact id: '43b6d28eb874baecff0e8f96123df49b') in 0.019366 seconds 
========================================================================
Received Import Request.
  Time since last request: 0.000016 seconds.
  path: Assets/PolygonFantasyHeroCharacters/Models/ModularCharacter_StaticParts/Chr_Head_Female_10_Static.fbx
  artifactKey: Guid(5bdfed024b807d049a98bd1beeee9940) Importer(815301076,1909f56bfc062723c751e8b465ee728b)
Start importing Assets/PolygonFantasyHeroCharacters/Models/ModularCharacter_StaticParts/Chr_Head_Female_10_Static.fbx using Guid(5bdfed024b807d049a98bd1beeee9940) Importer(815301076,1909f56bfc062723c751e8b465ee728b)  -> (artifact id: '4a1eeadbb5e7d64bcf87e2877b7836a3') in 0.018792 seconds 
========================================================================
Received Import Request.
  Time since last request: 0.042146 seconds.
  path: Assets/Character Configurator Assets/Female/Chr_Head_Female_11.mesh
  artifactKey: Guid(06e9031cacc93904c8805a776f7d0e81) Importer(815301076,1909f56bfc062723c751e8b465ee728b)
Start importing Assets/Character Configurator Assets/Female/Chr_Head_Female_11.mesh using Guid(06e9031cacc93904c8805a776f7d0e81) Importer(815301076,1909f56bfc062723c751e8b465ee728b)  -> (artifact id: '35cdfd1501ac6b82935c3cd740601748') in 0.017610 seconds 
========================================================================
Received Import Request.
  Time since last request: 0.000020 seconds.
  path: Assets/PolygonFantasyHeroCharacters/Models/ModularCharacter_StaticParts/Chr_Head_Female_12_Static.fbx
  artifactKey: Guid(859b1751c7762354ba49e80d877f96b2) Importer(815301076,1909f56bfc062723c751e8b465ee728b)
Start importing Assets/PolygonFantasyHeroCharacters/Models/ModularCharacter_StaticParts/Chr_Head_Female_12_Static.fbx using Guid(859b1751c7762354ba49e80d877f96b2) Importer(815301076,1909f56bfc062723c751e8b465ee728b)  -> (artifact id: '20e768e9bb9e7dca2fc133549f82d24a') in 0.037099 seconds 
========================================================================
Received Import Request.
  Time since last request: 0.333504 seconds.
  path: Assets/Character Configurator Assets/Female/Chr_Head_Female_13.mesh
  artifactKey: Guid(4e2bc357f63af9140b38d1cd5bd946b9) Importer(815301076,1909f56bfc062723c751e8b465ee728b)
Start importing Assets/Character Configurator Assets/Female/Chr_Head_Female_13.mesh using Guid(4e2bc357f63af9140b38d1cd5bd946b9) Importer(815301076,1909f56bfc062723c751e8b465ee728b)  -> (artifact id: '3f7ae08cf646b58f33a840c00f4aab62') in 0.016274 seconds 
========================================================================
Received Import Request.
  Time since last request: 0.000023 seconds.
  path: Assets/PolygonFantasyHeroCharacters/Models/ModularCharacter_StaticParts/Chr_Head_Female_14_Static.fbx
  artifactKey: Guid(f4d756d328582fb428a52f3398612743) Importer(815301076,1909f56bfc062723c751e8b465ee728b)
Start importing Assets/PolygonFantasyHeroCharacters/Models/ModularCharacter_StaticParts/Chr_Head_Female_14_Static.fbx using Guid(f4d756d328582fb428a52f3398612743) Importer(815301076,1909f56bfc062723c751e8b465ee728b)  -> (artifact id: 'f27339e119d295d695f3c922eeba00e1') in 0.020708 seconds 
========================================================================
Received Import Request.
  Time since last request: 0.018103 seconds.
  path: Assets/Character Configurator Assets/Female/Chr_Head_Female_15.mesh
  artifactKey: Guid(012027789d8306142ac4a484ae186333) Importer(815301076,1909f56bfc062723c751e8b465ee728b)
Start importing Assets/Character Configurator Assets/Female/Chr_Head_Female_15.mesh using Guid(012027789d8306142ac4a484ae186333) Importer(815301076,1909f56bfc062723c751e8b465ee728b)  -> (artifact id: '30035179d191467130a4c500eb1663e9') in 0.017275 seconds 
========================================================================
Received Import Request.
  Time since last request: 0.000021 seconds.
  path: Assets/PolygonFantasyHeroCharacters/Models/ModularCharacter_StaticParts/Chr_Head_Female_16_Static.fbx
  artifactKey: Guid(a941f8bcf8e5d2c4699b24596f844d8c) Importer(815301076,1909f56bfc062723c751e8b465ee728b)
Start importing Assets/PolygonFantasyHeroCharacters/Models/ModularCharacter_StaticParts/Chr_Head_Female_16_Static.fbx using Guid(a941f8bcf8e5d2c4699b24596f844d8c) Importer(815301076,1909f56bfc062723c751e8b465ee728b)  -> (artifact id: 'dd4c789b3a868a08fc2e0e719a29b922') in 0.020230 seconds 
========================================================================
Received Import Request.
  Time since last request: 0.013134 seconds.
  path: Assets/PolygonFantasyHeroCharacters/Prefabs/Characters_ModularParts_Static/Chr_Head_Female_16_Static.prefab
  artifactKey: Guid(1142c18b20ea0f9438fafd3f5991c8de) Importer(815301076,1909f56bfc062723c751e8b465ee728b)
Start importing Assets/PolygonFantasyHeroCharacters/Prefabs/Characters_ModularParts_Static/Chr_Head_Female_16_Static.prefab using Guid(1142c18b20ea0f9438fafd3f5991c8de) Importer(815301076,1909f56bfc062723c751e8b465ee728b)  -> (artifact id: '15c6781f6600b003b8810645c21e8503') in 0.019056 seconds 
========================================================================
Received Import Request.
  Time since last request: 0.000027 seconds.
  path: Assets/PolygonFantasyHeroCharacters/Prefabs/Characters_ModularParts_Static/Chr_Head_Female_17_Static.prefab
  artifactKey: Guid(1278883443347af41ae6bb4b89f3f6b5) Importer(815301076,1909f56bfc062723c751e8b465ee728b)
Start importing Assets/PolygonFantasyHeroCharacters/Prefabs/Characters_ModularParts_Static/Chr_Head_Female_17_Static.prefab using Guid(1278883443347af41ae6bb4b89f3f6b5) Importer(815301076,1909f56bfc062723c751e8b465ee728b)  -> (artifact id: 'eb6c50b0fb6155f6ba5f0df0ff10b619') in 0.020987 seconds 
========================================================================
Received Import Request.
  Time since last request: 0.224751 seconds.
  path: Assets/PolygonFantasyHeroCharacters/Prefabs/Characters_ModularParts_Static/Chr_Head_Female_18_Static.prefab
  artifactKey: Guid(28b3454a391ad3746a6f1b60cd0dbdc2) Importer(815301076,1909f56bfc062723c751e8b465ee728b)
Start importing Assets/PolygonFantasyHeroCharacters/Prefabs/Characters_ModularParts_Static/Chr_Head_Female_18_Static.prefab using Guid(28b3454a391ad3746a6f1b60cd0dbdc2) Importer(815301076,1909f56bfc062723c751e8b465ee728b)  -> (artifact id: 'd6fd14cde4c7800792496c61d31de18b') in 0.027370 seconds 
========================================================================
Received Import Request.
  Time since last request: 0.000022 seconds.
  path: Assets/PolygonFantasyHeroCharacters/Models/ModularCharacter_StaticParts/Chr_Head_Female_19_Static.fbx
  artifactKey: Guid(631349f934a1fcb49aaa9975840e6572) Importer(815301076,1909f56bfc062723c751e8b465ee728b)
Start importing Assets/PolygonFantasyHeroCharacters/Models/ModularCharacter_StaticParts/Chr_Head_Female_19_Static.fbx using Guid(631349f934a1fcb49aaa9975840e6572) Importer(815301076,1909f56bfc062723c751e8b465ee728b)  -> (artifact id: 'bde025c2c0fe253c94e33854fec68419') in 0.019344 seconds 
========================================================================
Received Import Request.
  Time since last request: 0.007861 seconds.
  path: Assets/PolygonFantasyHeroCharacters/Prefabs/Characters_ModularParts_Static/Chr_Head_Female_20_Static.prefab
  artifactKey: Guid(374411ead4dee894ab87c4d421ae1ac6) Importer(815301076,1909f56bfc062723c751e8b465ee728b)
Start importing Assets/PolygonFantasyHeroCharacters/Prefabs/Characters_ModularParts_Static/Chr_Head_Female_20_Static.prefab using Guid(374411ead4dee894ab87c4d421ae1ac6) Importer(815301076,1909f56bfc062723c751e8b465ee728b)  -> (artifact id: 'fc40236ea2becdc8224beff5c7e82984') in 0.025108 seconds 
========================================================================
Received Import Request.
  Time since last request: 0.225295 seconds.
  path: Assets/PolygonFantasyHeroCharacters/Prefabs/Characters_ModularParts_Static/Chr_Head_Female_22_Static.prefab
  artifactKey: Guid(7332ea9b7b87ddb4fb1fa335bd465573) Importer(815301076,1909f56bfc062723c751e8b465ee728b)
Start importing Assets/PolygonFantasyHeroCharacters/Prefabs/Characters_ModularParts_Static/Chr_Head_Female_22_Static.prefab using Guid(7332ea9b7b87ddb4fb1fa335bd465573) Importer(815301076,1909f56bfc062723c751e8b465ee728b)  -> (artifact id: 'a9c470864c7e7eeab8da987a89f11ecb') in 0.025870 seconds 
========================================================================
Received Import Request.
  Time since last request: 0.021561 seconds.
  path: Assets/PolygonFantasyHeroCharacters/Prefabs/Characters_ModularParts_Static/Chr_Head_Male_01_Static.prefab
  artifactKey: Guid(b6fa8ac079143ee4b847a16e6321cc7c) Importer(815301076,1909f56bfc062723c751e8b465ee728b)
Start importing Assets/PolygonFantasyHeroCharacters/Prefabs/Characters_ModularParts_Static/Chr_Head_Male_01_Static.prefab using Guid(b6fa8ac079143ee4b847a16e6321cc7c) Importer(815301076,1909f56bfc062723c751e8b465ee728b)  -> (artifact id: '9964b2dd0edab868d061920f53fa245d') in 0.025905 seconds 
========================================================================
Received Import Request.
  Time since last request: 0.000018 seconds.
  path: Assets/PolygonFantasyHeroCharacters/Prefabs/Characters_ModularParts_Static/Chr_Head_Male_03_Static.prefab
  artifactKey: Guid(1aa4231d1cda0634f9580d9fe87a146e) Importer(815301076,1909f56bfc062723c751e8b465ee728b)
Start importing Assets/PolygonFantasyHeroCharacters/Prefabs/Characters_ModularParts_Static/Chr_Head_Male_03_Static.prefab using Guid(1aa4231d1cda0634f9580d9fe87a146e) Importer(815301076,1909f56bfc062723c751e8b465ee728b)  -> (artifact id: '3f19d9017353ff47d499377ed5b34f59') in 0.024031 seconds 
========================================================================
Received Import Request.
  Time since last request: 0.255639 seconds.
  path: Assets/PolygonFantasyHeroCharacters/Prefabs/Characters_ModularParts_Static/Chr_Head_Male_04_Static.prefab
  artifactKey: Guid(d967e3a40fdfc6b41a5354a293d1d8cd) Importer(815301076,1909f56bfc062723c751e8b465ee728b)
Start importing Assets/PolygonFantasyHeroCharacters/Prefabs/Characters_ModularParts_Static/Chr_Head_Male_04_Static.prefab using Guid(d967e3a40fdfc6b41a5354a293d1d8cd) Importer(815301076,1909f56bfc062723c751e8b465ee728b)  -> (artifact id: 'aed79efd41043a89a59cbda48da32fbf') in 0.018200 seconds 
========================================================================
Received Import Request.
  Time since last request: 0.026972 seconds.
  path: Assets/PolygonFantasyHeroCharacters/Prefabs/Characters_ModularParts_Static/Chr_Head_Male_06_Static.prefab
  artifactKey: Guid(3fbe4e0df45d0a145ad736a9e8a76f28) Importer(815301076,1909f56bfc062723c751e8b465ee728b)
Start importing Assets/PolygonFantasyHeroCharacters/Prefabs/Characters_ModularParts_Static/Chr_Head_Male_06_Static.prefab using Guid(3fbe4e0df45d0a145ad736a9e8a76f28) Importer(815301076,1909f56bfc062723c751e8b465ee728b)  -> (artifact id: '5124b4bea7e35c730eff6a7cd1cfb074') in 0.023603 seconds 
========================================================================
Received Import Request.
  Time since last request: 0.240728 seconds.
  path: Assets/PolygonFantasyHeroCharacters/Models/ModularCharacter_StaticParts/Chr_Head_Male_08_Static.fbx
  artifactKey: Guid(a0e636ea18a5cf44080c9fc410526752) Importer(815301076,1909f56bfc062723c751e8b465ee728b)
Start importing Assets/PolygonFantasyHeroCharacters/Models/ModularCharacter_StaticParts/Chr_Head_Male_08_Static.fbx using Guid(a0e636ea18a5cf44080c9fc410526752) Importer(815301076,1909f56bfc062723c751e8b465ee728b)  -> (artifact id: '854f98c63f8f7214d492681af7391841') in 0.019081 seconds 
========================================================================
Received Import Request.
  Time since last request: 0.000019 seconds.
  path: Assets/PolygonFantasyHeroCharacters/Prefabs/Characters_ModularParts_Static/Chr_Head_Male_09_Static.prefab
  artifactKey: Guid(a60f6abd20f8c5449b76b4e395b0793c) Importer(815301076,1909f56bfc062723c751e8b465ee728b)
Start importing Assets/PolygonFantasyHeroCharacters/Prefabs/Characters_ModularParts_Static/Chr_Head_Male_09_Static.prefab using Guid(a60f6abd20f8c5449b76b4e395b0793c) Importer(815301076,1909f56bfc062723c751e8b465ee728b)  -> (artifact id: 'df730bca2a709492fbd53ab74afafa3c') in 0.014754 seconds 
========================================================================
Received Import Request.
  Time since last request: 0.006959 seconds.
  path: Assets/PolygonFantasyHeroCharacters/Models/ModularCharacter_StaticParts/Chr_Head_Male_10_Static.fbx
  artifactKey: Guid(69c28e3d5985a364cb97edc172838e1b) Importer(815301076,1909f56bfc062723c751e8b465ee728b)
Start importing Assets/PolygonFantasyHeroCharacters/Models/ModularCharacter_StaticParts/Chr_Head_Male_10_Static.fbx using Guid(69c28e3d5985a364cb97edc172838e1b) Importer(815301076,1909f56bfc062723c751e8b465ee728b)  -> (artifact id: '52a0dd64b74ac8825ebec665ae67ff28') in 0.021468 seconds 
========================================================================
Received Import Request.
  Time since last request: 0.000018 seconds.
  path: Assets/PolygonFantasyHeroCharacters/Prefabs/Characters_ModularParts_Static/Chr_Head_Male_11_Static.prefab
  artifactKey: Guid(fe9fe4b51766e5943a20bb6ab34cc342) Importer(815301076,1909f56bfc062723c751e8b465ee728b)
Start importing Assets/PolygonFantasyHeroCharacters/Prefabs/Characters_ModularParts_Static/Chr_Head_Male_11_Static.prefab using Guid(fe9fe4b51766e5943a20bb6ab34cc342) Importer(815301076,1909f56bfc062723c751e8b465ee728b)  -> (artifact id: 'd84a6a6a4dde8c139d4e18b312cc2ef7') in 0.016605 seconds 
========================================================================
Received Import Request.
  Time since last request: 0.000030 seconds.
  path: Assets/PolygonFantasyHeroCharacters/Models/ModularCharacter_StaticParts/Chr_Head_Male_13_Static.fbx
  artifactKey: Guid(fda8c6b1c33746843b36b54b6bf6caad) Importer(815301076,1909f56bfc062723c751e8b465ee728b)
Start importing Assets/PolygonFantasyHeroCharacters/Models/ModularCharacter_StaticParts/Chr_Head_Male_13_Static.fbx using Guid(fda8c6b1c33746843b36b54b6bf6caad) Importer(815301076,1909f56bfc062723c751e8b465ee728b)  -> (artifact id: '825d4125e9bf8bfc949dd4d263c5c098') in 0.017142 seconds 
========================================================================
Received Import Request.
  Time since last request: 0.216884 seconds.
  path: Assets/PolygonFantasyHeroCharacters/Prefabs/Characters_ModularParts_Static/Chr_Head_Male_13_Static.prefab
  artifactKey: Guid(9533cf9b4cc958a40940f24bb62352eb) Importer(815301076,1909f56bfc062723c751e8b465ee728b)
Start importing Assets/PolygonFantasyHeroCharacters/Prefabs/Characters_ModularParts_Static/Chr_Head_Male_13_Static.prefab using Guid(9533cf9b4cc958a40940f24bb62352eb) Importer(815301076,1909f56bfc062723c751e8b465ee728b)  -> (artifact id: '9903b234514333e8154d8978ea15a475') in 0.017997 seconds 
========================================================================
Received Import Request.
  Time since last request: 0.000026 seconds.
  path: Assets/PolygonFantasyHeroCharacters/Prefabs/Characters_ModularParts_Static/Chr_Head_Male_15_Static.prefab
  artifactKey: Guid(bd3cc4a3cc5e4404d89808f9fba3e4de) Importer(815301076,1909f56bfc062723c751e8b465ee728b)
Start importing Assets/PolygonFantasyHeroCharacters/Prefabs/Characters_ModularParts_Static/Chr_Head_Male_15_Static.prefab using Guid(bd3cc4a3cc5e4404d89808f9fba3e4de) Importer(815301076,1909f56bfc062723c751e8b465ee728b)  -> (artifact id: 'd20f4eecebea20a254b6f541ddf1a3f7') in 0.023607 seconds 
========================================================================
Received Import Request.
  Time since last request: 0.000019 seconds.
  path: Assets/PolygonFantasyHeroCharacters/Models/ModularCharacter_StaticParts/Chr_Head_Male_16_Static.fbx
  artifactKey: Guid(4672fcab0580f264aa18cc873db73b55) Importer(815301076,1909f56bfc062723c751e8b465ee728b)
Start importing Assets/PolygonFantasyHeroCharacters/Models/ModularCharacter_StaticParts/Chr_Head_Male_16_Static.fbx using Guid(4672fcab0580f264aa18cc873db73b55) Importer(815301076,1909f56bfc062723c751e8b465ee728b)  -> (artifact id: 'e9fa028c20875f9a3d070faf54ddc80b') in 0.014323 seconds 
========================================================================
Received Import Request.
  Time since last request: 0.009862 seconds.
  path: Assets/PolygonFantasyHeroCharacters/Models/ModularCharacter_StaticParts/Chr_Head_Male_17_Static.fbx
  artifactKey: Guid(f7f5baef1d307e94584f93842377aea9) Importer(815301076,1909f56bfc062723c751e8b465ee728b)
Start importing Assets/PolygonFantasyHeroCharacters/Models/ModularCharacter_StaticParts/Chr_Head_Male_17_Static.fbx using Guid(f7f5baef1d307e94584f93842377aea9) Importer(815301076,1909f56bfc062723c751e8b465ee728b)  -> (artifact id: '57bdaae1752fc1dc7a836c3dacd09037') in 0.019167 seconds 
========================================================================
Received Import Request.
  Time since last request: 0.000024 seconds.
  path: Assets/PolygonFantasyHeroCharacters/Prefabs/Characters_ModularParts_Static/Chr_Head_Male_18_Static.prefab
  artifactKey: Guid(ac91099ca4fd6f54e9b817a7616232bf) Importer(815301076,1909f56bfc062723c751e8b465ee728b)
Start importing Assets/PolygonFantasyHeroCharacters/Prefabs/Characters_ModularParts_Static/Chr_Head_Male_18_Static.prefab using Guid(ac91099ca4fd6f54e9b817a7616232bf) Importer(815301076,1909f56bfc062723c751e8b465ee728b)  -> (artifact id: '762506ffe725aa29f0e61023b23920a7') in 0.014259 seconds 
========================================================================
Received Import Request.
  Time since last request: 0.180467 seconds.
  path: Assets/PolygonFantasyHeroCharacters/Models/ModularCharacter_StaticParts/Chr_Head_Male_19_Static.fbx
  artifactKey: Guid(bebe71c644d10714699ecaf299b599d8) Importer(815301076,1909f56bfc062723c751e8b465ee728b)
Start importing Assets/PolygonFantasyHeroCharacters/Models/ModularCharacter_StaticParts/Chr_Head_Male_19_Static.fbx using Guid(bebe71c644d10714699ecaf299b599d8) Importer(815301076,1909f56bfc062723c751e8b465ee728b)  -> (artifact id: 'b23e1c5ccff1641ae8e775a1f45055e0') in 0.017885 seconds 
========================================================================
Received Import Request.
  Time since last request: 0.000021 seconds.
  path: Assets/PolygonFantasyHeroCharacters/Models/ModularCharacter_StaticParts/Chr_Head_Male_20_Static.fbx
  artifactKey: Guid(411f624e9f7ccf94393d94fe195b2ac6) Importer(815301076,1909f56bfc062723c751e8b465ee728b)
Start importing Assets/PolygonFantasyHeroCharacters/Models/ModularCharacter_StaticParts/Chr_Head_Male_20_Static.fbx using Guid(411f624e9f7ccf94393d94fe195b2ac6) Importer(815301076,1909f56bfc062723c751e8b465ee728b)  -> (artifact id: '0309f1f3189c0eccb3ac9a3db98c963f') in 0.013047 seconds 
========================================================================
Received Import Request.
  Time since last request: 0.000025 seconds.
  path: Assets/PolygonFantasyHeroCharacters/Prefabs/Characters_ModularParts_Static/Chr_Head_Male_22_Static.prefab
  artifactKey: Guid(a7cadf9daf9b3524fa511f80407f9dab) Importer(815301076,1909f56bfc062723c751e8b465ee728b)
Start importing Assets/PolygonFantasyHeroCharacters/Prefabs/Characters_ModularParts_Static/Chr_Head_Male_22_Static.prefab using Guid(a7cadf9daf9b3524fa511f80407f9dab) Importer(815301076,1909f56bfc062723c751e8b465ee728b)  -> (artifact id: '1bdbeaedf47197801031100ae0f9ecaf') in 0.028493 seconds 
========================================================================
Received Import Request.
  Time since last request: 0.000032 seconds.
  path: Assets/PolygonFantasyHeroCharacters/Models/ModularCharacter_StaticParts/Chr_Head_No_Elements_Female_02_Static.fbx
  artifactKey: Guid(6650ed33fa227d947a2605b11820afd1) Importer(815301076,1909f56bfc062723c751e8b465ee728b)
Start importing Assets/PolygonFantasyHeroCharacters/Models/ModularCharacter_StaticParts/Chr_Head_No_Elements_Female_02_Static.fbx using Guid(6650ed33fa227d947a2605b11820afd1) Importer(815301076,1909f56bfc062723c751e8b465ee728b)  -> (artifact id: '2be981802ca98c53425f476369b93acb') in 0.020802 seconds 
========================================================================
Received Import Request.
  Time since last request: 0.167949 seconds.
  path: Assets/Character Configurator Assets/Female/Chr_Head_No_Elements_Female_03.mesh
  artifactKey: Guid(057e56a655bf37c459f3fa0523d3cc0c) Importer(815301076,1909f56bfc062723c751e8b465ee728b)
Start importing Assets/Character Configurator Assets/Female/Chr_Head_No_Elements_Female_03.mesh using Guid(057e56a655bf37c459f3fa0523d3cc0c) Importer(815301076,1909f56bfc062723c751e8b465ee728b)  -> (artifact id: '1992adb0d8fbb935e958c01b7f130df7') in 0.016700 seconds 
========================================================================
Received Import Request.
  Time since last request: 0.000074 seconds.
  path: Assets/PolygonFantasyHeroCharacters/Models/ModularCharacter_StaticParts/Chr_Head_No_Elements_Female_04_Static.fbx
  artifactKey: Guid(3af29ae480d6a164780cbbfca62777ac) Importer(815301076,1909f56bfc062723c751e8b465ee728b)
Start importing Assets/PolygonFantasyHeroCharacters/Models/ModularCharacter_StaticParts/Chr_Head_No_Elements_Female_04_Static.fbx using Guid(3af29ae480d6a164780cbbfca62777ac) Importer(815301076,1909f56bfc062723c751e8b465ee728b)  -> (artifact id: '0e452d5923fcb0f0e490560fd3677321') in 0.017969 seconds 
========================================================================
Received Import Request.
  Time since last request: 0.000790 seconds.
  path: Assets/Character Configurator Assets/Female/Chr_Head_No_Elements_Female_06.mesh
  artifactKey: Guid(06a246d8005943e45ba7c3db051998fc) Importer(815301076,1909f56bfc062723c751e8b465ee728b)
Start importing Assets/Character Configurator Assets/Female/Chr_Head_No_Elements_Female_06.mesh using Guid(06a246d8005943e45ba7c3db051998fc) Importer(815301076,1909f56bfc062723c751e8b465ee728b)  -> (artifact id: 'a986f1bacd9c00dcd03f229c13eb22d1') in 0.020543 seconds 
========================================================================
Received Import Request.
  Time since last request: 0.515495 seconds.
  path: Assets/PolygonFantasyHeroCharacters/Models/ModularCharacter_StaticParts/Chr_Head_No_Elements_Male_09_Static.fbx
  artifactKey: Guid(bc28349a6093fc44cb448b2e6079fed5) Importer(815301076,1909f56bfc062723c751e8b465ee728b)
Start importing Assets/PolygonFantasyHeroCharacters/Models/ModularCharacter_StaticParts/Chr_Head_No_Elements_Male_09_Static.fbx using Guid(bc28349a6093fc44cb448b2e6079fed5) Importer(815301076,1909f56bfc062723c751e8b465ee728b)  -> (artifact id: 'bdcbb333c57786a818650ff78f7809e4') in 0.018350 seconds 
========================================================================
Received Import Request.
  Time since last request: 0.743379 seconds.
  path: Assets/PolygonFantasyHeroCharacters/Prefabs/Characters_ModularParts_Static/Chr_HeadCoverings_No_Hair_01_Static.prefab
  artifactKey: Guid(1b75292f5ecc06041b0da169a3c75d5c) Importer(815301076,1909f56bfc062723c751e8b465ee728b)
Start importing Assets/PolygonFantasyHeroCharacters/Prefabs/Characters_ModularParts_Static/Chr_HeadCoverings_No_Hair_01_Static.prefab using Guid(1b75292f5ecc06041b0da169a3c75d5c) Importer(815301076,1909f56bfc062723c751e8b465ee728b)  -> (artifact id: 'f94d15d51f632b3889d6fa4e396ffaa5') in 0.025929 seconds 
========================================================================
Received Import Request.
  Time since last request: 0.000029 seconds.
  path: Assets/PolygonFantasyHeroCharacters/Prefabs/Characters_ModularParts_Static/Chr_HeadCoverings_No_Hair_04_Static.prefab
  artifactKey: Guid(80ff80d022e536746b4ca482b96acca4) Importer(815301076,1909f56bfc062723c751e8b465ee728b)
Start importing Assets/PolygonFantasyHeroCharacters/Prefabs/Characters_ModularParts_Static/Chr_HeadCoverings_No_Hair_04_Static.prefab using Guid(80ff80d022e536746b4ca482b96acca4) Importer(815301076,1909f56bfc062723c751e8b465ee728b)  -> (artifact id: '6663bc2b1059829f6ba7dd6c5504ba3d') in 0.023498 seconds 
========================================================================
Received Import Request.
  Time since last request: 0.166886 seconds.
  path: Assets/PolygonFantasyHeroCharacters/Prefabs/Characters_ModularParts_Static/Chr_HeadCoverings_No_Hair_05_Static.prefab
  artifactKey: Guid(185b1047614781f44b54ebb33ac2241c) Importer(815301076,1909f56bfc062723c751e8b465ee728b)
Start importing Assets/PolygonFantasyHeroCharacters/Prefabs/Characters_ModularParts_Static/Chr_HeadCoverings_No_Hair_05_Static.prefab using Guid(185b1047614781f44b54ebb33ac2241c) Importer(815301076,1909f56bfc062723c751e8b465ee728b)  -> (artifact id: '8a5bdb53fcc4cd31cbe7701dc346b62e') in 0.026504 seconds 
========================================================================
Received Import Request.
  Time since last request: 0.000035 seconds.
  path: Assets/PolygonFantasyHeroCharacters/Models/ModularCharacter_StaticParts/Chr_HeadCoverings_No_Hair_07_Static.fbx
  artifactKey: Guid(bc077f6b2638db443a0a6f5435d14e30) Importer(815301076,1909f56bfc062723c751e8b465ee728b)
Start importing Assets/PolygonFantasyHeroCharacters/Models/ModularCharacter_StaticParts/Chr_HeadCoverings_No_Hair_07_Static.fbx using Guid(bc077f6b2638db443a0a6f5435d14e30) Importer(815301076,1909f56bfc062723c751e8b465ee728b)  -> (artifact id: 'ceb4f355fc6ade0663750e9772657b87') in 0.013232 seconds 
========================================================================
Received Import Request.
  Time since last request: 0.000020 seconds.
  path: Assets/PolygonFantasyHeroCharacters/Prefabs/Characters_ModularParts_Static/Chr_HeadCoverings_No_Hair_09_Static.prefab
  artifactKey: Guid(2e7c77546ba240b4397ea227183c8063) Importer(815301076,1909f56bfc062723c751e8b465ee728b)
Start importing Assets/PolygonFantasyHeroCharacters/Prefabs/Characters_ModularParts_Static/Chr_HeadCoverings_No_Hair_09_Static.prefab using Guid(2e7c77546ba240b4397ea227183c8063) Importer(815301076,1909f56bfc062723c751e8b465ee728b)  -> (artifact id: '260d8261f98cf7fbfbf9537c36f51fc5') in 0.041852 seconds 
========================================================================
Received Import Request.
  Time since last request: 0.159321 seconds.
  path: Assets/PolygonFantasyHeroCharacters/Prefabs/Characters_ModularParts_Static/Chr_HeadCoverings_No_Hair_13_Static.prefab
  artifactKey: Guid(de91d4c10b52f0a4c9a30ba9cd29d7dc) Importer(815301076,1909f56bfc062723c751e8b465ee728b)
Start importing Assets/PolygonFantasyHeroCharacters/Prefabs/Characters_ModularParts_Static/Chr_HeadCoverings_No_Hair_13_Static.prefab using Guid(de91d4c10b52f0a4c9a30ba9cd29d7dc) Importer(815301076,1909f56bfc062723c751e8b465ee728b)  -> (artifact id: 'ccea5f39e0f8611c82a9f575088027c3') in 0.025242 seconds 
========================================================================
Received Import Request.
  Time since last request: 46.962728 seconds.
  path: Assets/Character Configurator Assets/Female/Chr_Hips_Female_00.mesh
  artifactKey: Guid(36d1c5a688c53994b9c913e330d99e92) Importer(815301076,1909f56bfc062723c751e8b465ee728b)
Start importing Assets/Character Configurator Assets/Female/Chr_Hips_Female_00.mesh using Guid(36d1c5a688c53994b9c913e330d99e92) Importer(815301076,1909f56bfc062723c751e8b465ee728b)  -> (artifact id: '070f6fa78dca039593b6d8d66626ab4a') in 0.016623 seconds 
========================================================================
Received Import Request.
  Time since last request: 0.000024 seconds.
  path: Assets/Character Configurator Assets/Female/Chr_Hips_Female_03.mesh
  artifactKey: Guid(e0690f8527fae874fa5edf981a02e72a) Importer(815301076,1909f56bfc062723c751e8b465ee728b)
Start importing Assets/Character Configurator Assets/Female/Chr_Hips_Female_03.mesh using Guid(e0690f8527fae874fa5edf981a02e72a) Importer(815301076,1909f56bfc062723c751e8b465ee728b)  -> (artifact id: '56c58e2daa353753bbc8e6d5ac829323') in 0.018426 seconds 
Editor requested this worker to shutdown with reason: Scaling down because of idle timeout
AssetImportWorker is now disconnected from the server
Process exiting
Exiting without the bug reporter. Application will terminate with return code 0