Using pre-set license
Built from '2021.3/staging' branch; Version is '2021.3.15f1 (e8e88683f834) revision 15263878'; Using compiler version '192829333'; Build Type 'Release'
OS: 'Windows 10  (10.0.19045) 64bit Core' Language: 'en' Physical Memory: 16320 MB
BatchMode: 1, IsHumanControllingUs: 0, StartBugReporterOnCrash: 0, Is64bit: 1, IsPro: 1

COMMAND LINE ARGUMENTS:
C:\Program Files\Unity\Hub\Editor\2021.3.15f1\Editor\Unity.exe
-adb2
-batchMode
-noUpm
-name
AssetImportWorker0
-projectPath
C:/GitHub/character-configurator/Character Configurator
-logFile
Logs/AssetImportWorker0.log
-srvPort
53037
Successfully changed project path to: C:/GitHub/character-configurator/Character Configurator
C:/GitHub/character-configurator/Character Configurator
[UnityMemory] Configuration Parameters - Can be set up in boot.config
    "memorysetup-bucket-allocator-granularity=16"
    "memorysetup-bucket-allocator-bucket-count=8"
    "memorysetup-bucket-allocator-block-size=33554432"
    "memorysetup-bucket-allocator-block-count=8"
    "memorysetup-main-allocator-block-size=16777216"
    "memorysetup-thread-allocator-block-size=16777216"
    "memorysetup-gfx-main-allocator-block-size=16777216"
    "memorysetup-gfx-thread-allocator-block-size=16777216"
    "memorysetup-cache-allocator-block-size=4194304"
    "memorysetup-typetree-allocator-block-size=2097152"
    "memorysetup-profiler-bucket-allocator-granularity=16"
    "memorysetup-profiler-bucket-allocator-bucket-count=8"
    "memorysetup-profiler-bucket-allocator-block-size=33554432"
    "memorysetup-profiler-bucket-allocator-block-count=8"
    "memorysetup-profiler-allocator-block-size=16777216"
    "memorysetup-profiler-editor-allocator-block-size=1048576"
    "memorysetup-temp-allocator-size-main=16777216"
    "memorysetup-job-temp-allocator-block-size=2097152"
    "memorysetup-job-temp-allocator-block-size-background=1048576"
    "memorysetup-job-temp-allocator-reduction-small-platforms=262144"
    "memorysetup-temp-allocator-size-background-worker=32768"
    "memorysetup-temp-allocator-size-job-worker=262144"
    "memorysetup-temp-allocator-size-preload-manager=33554432"
    "memorysetup-temp-allocator-size-nav-mesh-worker=65536"
    "memorysetup-temp-allocator-size-audio-worker=65536"
    "memorysetup-temp-allocator-size-cloud-worker=32768"
    "memorysetup-temp-allocator-size-gi-baking-worker=262144"
    "memorysetup-temp-allocator-size-gfx=262144"
Player connection [4092] Host "[IP] 192.168.1.180 [Port] 0 [Flags] 2 [Guid] 1085732643 [EditorId] 1085732643 [Version] 1048832 [Id] WindowsEditor(7,DESKTOP-G617HBI) [Debug] 1 [PackageName] WindowsEditor [ProjectName] Editor" joined multi-casting on [225.0.0.222:54997]...

Player connection [4092] Host "[IP] 192.168.1.180 [Port] 0 [Flags] 2 [Guid] 1085732643 [EditorId] 1085732643 [Version] 1048832 [Id] WindowsEditor(7,DESKTOP-G617HBI) [Debug] 1 [PackageName] WindowsEditor [ProjectName] Editor" joined alternative multi-casting on [225.0.0.222:34997]...

Refreshing native plugins compatible for Editor in 92.12 ms, found 3 plugins.
Preloading 0 native plugins for Editor in 0.00 ms.
Initialize engine version: 2021.3.15f1 (e8e88683f834)
[Subsystems] Discovering subsystems at path C:/Program Files/Unity/Hub/Editor/2021.3.15f1/Editor/Data/Resources/UnitySubsystems
[Subsystems] Discovering subsystems at path C:/GitHub/character-configurator/Character Configurator/Assets
GfxDevice: creating device client; threaded=0; jobified=0
Direct3D:
    Version:  Direct3D 11.0 [level 11.1]
    Renderer: AMD Radeon RX 5700 (ID=0x731f)
    Vendor:   ATI
    VRAM:     8151 MB
    Driver:   31.0.12027.7000
Initialize mono
Mono path[0] = 'C:/Program Files/Unity/Hub/Editor/2021.3.15f1/Editor/Data/Managed'
Mono path[1] = 'C:/Program Files/Unity/Hub/Editor/2021.3.15f1/Editor/Data/MonoBleedingEdge/lib/mono/unityjit-win32'
Mono config path = 'C:/Program Files/Unity/Hub/Editor/2021.3.15f1/Editor/Data/MonoBleedingEdge/etc'
Using monoOptions --debugger-agent=transport=dt_socket,embedding=1,server=y,suspend=n,address=127.0.0.1:56320
Begin MonoManager ReloadAssembly
Registering precompiled unity dll's ...
Register platform support module: C:/Program Files/Unity/Hub/Editor/2021.3.15f1/Editor/Data/PlaybackEngines/WebGLSupport/UnityEditor.WebGL.Extensions.dll
Register platform support module: C:/Program Files/Unity/Hub/Editor/2021.3.15f1/Editor/Data/PlaybackEngines/MacStandaloneSupport/UnityEditor.OSXStandalone.Extensions.dll
Register platform support module: C:/Program Files/Unity/Hub/Editor/2021.3.15f1/Editor/Data/PlaybackEngines/WindowsStandaloneSupport/UnityEditor.WindowsStandalone.Extensions.dll
Register platform support module: C:/Program Files/Unity/Hub/Editor/2021.3.15f1/Editor/Data/PlaybackEngines/MetroSupport/UnityEditor.UWP.Extensions.dll
Registered in 0.010573 seconds.
Native extension for UWP target not found
Native extension for WindowsStandalone target not found
Native extension for OSXStandalone target not found
Native extension for WebGL target not found
Refreshing native plugins compatible for Editor in 93.61 ms, found 3 plugins.
Preloading 0 native plugins for Editor in 0.00 ms.
Mono: successfully reloaded assembly
- Completed reload, in  0.615 seconds
Domain Reload Profiling:
	ReloadAssembly (615ms)
		BeginReloadAssembly (69ms)
			ExecutionOrderSort (0ms)
			DisableScriptedObjects (0ms)
			BackupInstance (0ms)
			ReleaseScriptingObjects (0ms)
			CreateAndSetChildDomain (1ms)
		EndReloadAssembly (437ms)
			LoadAssemblies (68ms)
			RebuildTransferFunctionScriptingTraits (0ms)
			SetupTypeCache (96ms)
			ReleaseScriptCaches (0ms)
			RebuildScriptCaches (23ms)
			SetupLoadedEditorAssemblies (270ms)
				LogAssemblyErrors (0ms)
				InitializePlatformSupportModulesInManaged (14ms)
				SetLoadedEditorAssemblies (0ms)
				RefreshPlugins (94ms)
				BeforeProcessingInitializeOnLoad (1ms)
				ProcessInitializeOnLoadAttributes (122ms)
				ProcessInitializeOnLoadMethodAttributes (39ms)
				AfterProcessingInitializeOnLoad (0ms)
				EditorAssembliesLoaded (0ms)
			ExecutionOrderSort2 (0ms)
			AwakeInstancesAfterBackupRestoration (0ms)
Platform modules already initialized, skipping
Registering precompiled user dll's ...
Registered in 0.006703 seconds.
Begin MonoManager ReloadAssembly
Symbol file LoadedFromMemory doesn't match image C:\GitHub\character-configurator\Character Configurator\Library\PackageCache\com.unity.visualscripting@1.7.8\Editor\VisualScripting.Core\Dependencies\YamlDotNet\Unity.VisualScripting.YamlDotNet.dll
Symbol file LoadedFromMemory doesn't match image C:\GitHub\character-configurator\Character Configurator\Library\PackageCache\com.unity.visualscripting@1.7.8\Editor\VisualScripting.Core\Dependencies\DotNetZip\Unity.VisualScripting.IonicZip.dll
Native extension for UWP target not found
Native extension for WindowsStandalone target not found
Native extension for OSXStandalone target not found
Native extension for WebGL target not found
Refreshing native plugins compatible for Editor in 0.86 ms, found 3 plugins.
Preloading 0 native plugins for Editor in 0.00 ms.
Mono: successfully reloaded assembly
- Completed reload, in  0.940 seconds
Domain Reload Profiling:
	ReloadAssembly (941ms)
		BeginReloadAssembly (105ms)
			ExecutionOrderSort (0ms)
			DisableScriptedObjects (5ms)
			BackupInstance (0ms)
			ReleaseScriptingObjects (0ms)
			CreateAndSetChildDomain (18ms)
		EndReloadAssembly (727ms)
			LoadAssemblies (78ms)
			RebuildTransferFunctionScriptingTraits (0ms)
			SetupTypeCache (237ms)
			ReleaseScriptCaches (1ms)
			RebuildScriptCaches (42ms)
			SetupLoadedEditorAssemblies (342ms)
				LogAssemblyErrors (0ms)
				InitializePlatformSupportModulesInManaged (10ms)
				SetLoadedEditorAssemblies (0ms)
				RefreshPlugins (1ms)
				BeforeProcessingInitializeOnLoad (86ms)
				ProcessInitializeOnLoadAttributes (214ms)
				ProcessInitializeOnLoadMethodAttributes (20ms)
				AfterProcessingInitializeOnLoad (11ms)
				EditorAssembliesLoaded (0ms)
			ExecutionOrderSort2 (0ms)
			AwakeInstancesAfterBackupRestoration (5ms)
Platform modules already initialized, skipping
========================================================================
Worker process is ready to serve import requests
Launched and connected shader compiler UnityShaderCompiler.exe after 0.04 seconds
Refreshing native plugins compatible for Editor in 0.89 ms, found 3 plugins.
Preloading 0 native plugins for Editor in 0.00 ms.
Unloading 3381 Unused Serialized files (Serialized files now loaded: 0)
Unloading 27 unused Assets / (114.1 KB). Loaded Objects now: 3841.
Memory consumption went from 122.0 MB to 121.9 MB.
Total: 2.908900 ms (FindLiveObjects: 0.290800 ms CreateObjectMapping: 0.113700 ms MarkObjects: 2.404900 ms  DeleteObjects: 0.098600 ms)

AssetImportParameters requested are different than current active one (requested -> active):
  custom:video-decoder-ogg-theora: a1e56fd34408186e4bbccfd4996cb3dc -> 
  custom:container-muxer-webm: aa71ff27fc2769a1b78a27578f13a17b -> 
  custom:container-demuxer-webm: 4f35f7cbe854078d1ac9338744f61a02 -> 
  custom:video-encoder-webm-vp8: eb34c28f22e8b96e1ab97ce403110664 -> 
  custom:audio-encoder-webm-vorbis: bf7c407c2cedff20999df2af8eb42d56 -> 
  custom:framework-win-MediaFoundation: 216162199b28c13a410421893ffa2e32 -> 
  custom:container-demuxer-ogg: 62fdf1f143b41e24485cea50d1cbac27 -> 
  custom:video-decoder-webm-vp8: 9c59270c3fd7afecdb556c50c9e8de78 -> 
  custom:audio-decoder-ogg-vorbis: bf7c407c2cedff20999df2af8eb42d56 -> 
========================================================================
Received Import Request.
  Time since last request: 1344350.844885 seconds.
  path: Assets/Character Configurator Assets/Male/Chr_ArmLowerLeft_Male_09.mesh
  artifactKey: Guid(e8280bc2cb5bd3d4fa369133b9ce567e) Importer(815301076,1909f56bfc062723c751e8b465ee728b)
Start importing Assets/Character Configurator Assets/Male/Chr_ArmLowerLeft_Male_09.mesh using Guid(e8280bc2cb5bd3d4fa369133b9ce567e) Importer(815301076,1909f56bfc062723c751e8b465ee728b)  -> (artifact id: '46060fd0d37e74ccfd576769addf6814') in 0.112130 seconds 
========================================================================
Received Import Request.
  Time since last request: 0.000021 seconds.
  path: Assets/Character Configurator Assets/Female/Chr_ArmLowerLeft_Female_15.mesh
  artifactKey: Guid(be694e86607141c488e763e4792a345f) Importer(815301076,1909f56bfc062723c751e8b465ee728b)
Start importing Assets/Character Configurator Assets/Female/Chr_ArmLowerLeft_Female_15.mesh using Guid(be694e86607141c488e763e4792a345f) Importer(815301076,1909f56bfc062723c751e8b465ee728b)  -> (artifact id: '1be28bc6d2d20d290dd65aec2a3b2695') in 0.019969 seconds 
========================================================================
Received Import Request.
  Time since last request: 0.000018 seconds.
  path: Assets/Character Configurator Assets/Female/Chr_ArmLowerRight_Female_14.mesh
  artifactKey: Guid(2b87b8fd74d87524e9e8bcba4f5bfbde) Importer(815301076,1909f56bfc062723c751e8b465ee728b)
Start importing Assets/Character Configurator Assets/Female/Chr_ArmLowerRight_Female_14.mesh using Guid(2b87b8fd74d87524e9e8bcba4f5bfbde) Importer(815301076,1909f56bfc062723c751e8b465ee728b)  -> (artifact id: '4b3bf5be8d0385cafbcf867cd6f62de4') in 0.018403 seconds 
========================================================================
Received Import Request.
  Time since last request: 0.000025 seconds.
  path: Assets/Character Configurator Assets/Female/Chr_ArmLowerRight_Female_17.mesh
  artifactKey: Guid(6183cf6f17eb7ea48b43e6ae8d12b669) Importer(815301076,1909f56bfc062723c751e8b465ee728b)
Start importing Assets/Character Configurator Assets/Female/Chr_ArmLowerRight_Female_17.mesh using Guid(6183cf6f17eb7ea48b43e6ae8d12b669) Importer(815301076,1909f56bfc062723c751e8b465ee728b)  -> (artifact id: '810f4d9d8a05b105d3bd88eeb060ae31') in 0.017418 seconds 
========================================================================
Received Import Request.
  Time since last request: 0.000017 seconds.
  path: Assets/Character Configurator Assets/Female/Chr_ArmLowerLeft_Female_11.mesh
  artifactKey: Guid(cbae87088b021d04283a0be6ffc4c4fd) Importer(815301076,1909f56bfc062723c751e8b465ee728b)
Start importing Assets/Character Configurator Assets/Female/Chr_ArmLowerLeft_Female_11.mesh using Guid(cbae87088b021d04283a0be6ffc4c4fd) Importer(815301076,1909f56bfc062723c751e8b465ee728b)  -> (artifact id: '8df269b4d36e9f7d21840c8d394e3d7f') in 0.017828 seconds 
========================================================================
Received Import Request.
  Time since last request: 0.000020 seconds.
  path: Assets/Character Configurator Assets/Male/Chr_ArmLowerLeft_Male_12.mesh
  artifactKey: Guid(4ee076c479b92834d84199f0fab44398) Importer(815301076,1909f56bfc062723c751e8b465ee728b)
Start importing Assets/Character Configurator Assets/Male/Chr_ArmLowerLeft_Male_12.mesh using Guid(4ee076c479b92834d84199f0fab44398) Importer(815301076,1909f56bfc062723c751e8b465ee728b)  -> (artifact id: '50442a66d65c2f5802934f83d98e0d30') in 0.010203 seconds 
========================================================================
Received Import Request.
  Time since last request: 0.000031 seconds.
  path: Assets/Character Configurator Assets/Male/Chr_ArmLowerLeft_Male_10.mesh
  artifactKey: Guid(5da890af06f2f8341a463ae2938dd699) Importer(815301076,1909f56bfc062723c751e8b465ee728b)
Start importing Assets/Character Configurator Assets/Male/Chr_ArmLowerLeft_Male_10.mesh using Guid(5da890af06f2f8341a463ae2938dd699) Importer(815301076,1909f56bfc062723c751e8b465ee728b)  -> (artifact id: '9a19a9398c5c80c19d71905e452395d6') in 0.012127 seconds 
========================================================================
Received Import Request.
  Time since last request: 0.000018 seconds.
  path: Assets/Character Configurator Assets/Male/Chr_ArmLowerLeft_Male_16.mesh
  artifactKey: Guid(20037348d582cc84f8820ec72602111b) Importer(815301076,1909f56bfc062723c751e8b465ee728b)
Start importing Assets/Character Configurator Assets/Male/Chr_ArmLowerLeft_Male_16.mesh using Guid(20037348d582cc84f8820ec72602111b) Importer(815301076,1909f56bfc062723c751e8b465ee728b)  -> (artifact id: '480adaba92f14b3b018b3d27f498242f') in 0.009994 seconds 
========================================================================
Received Import Request.
  Time since last request: 0.000019 seconds.
  path: Assets/Character Configurator Assets/Female/Chr_ArmLowerRight_Female_12.mesh
  artifactKey: Guid(b9a463ea1eaa59049aa19d6a03a299ad) Importer(815301076,1909f56bfc062723c751e8b465ee728b)
Start importing Assets/Character Configurator Assets/Female/Chr_ArmLowerRight_Female_12.mesh using Guid(b9a463ea1eaa59049aa19d6a03a299ad) Importer(815301076,1909f56bfc062723c751e8b465ee728b)  -> (artifact id: '581e8ac8149603a6a26a8f696a082bc5') in 0.014310 seconds 
========================================================================
Received Import Request.
  Time since last request: 0.000021 seconds.
  path: Assets/Character Configurator Assets/Male/Chr_ArmLowerRight_Male_01.mesh
  artifactKey: Guid(3d727564db61dec478950d486ecd1825) Importer(815301076,1909f56bfc062723c751e8b465ee728b)
Start importing Assets/Character Configurator Assets/Male/Chr_ArmLowerRight_Male_01.mesh using Guid(3d727564db61dec478950d486ecd1825) Importer(815301076,1909f56bfc062723c751e8b465ee728b)  -> (artifact id: 'f864a3c56e103aea2afffe2f62eebdfb') in 0.011271 seconds 
========================================================================
Received Import Request.
  Time since last request: 0.000014 seconds.
  path: Assets/Character Configurator Assets/Male/Chr_ArmLowerLeft_Male_11.mesh
  artifactKey: Guid(9f5934b02b3ecac44b270cf13ff244b0) Importer(815301076,1909f56bfc062723c751e8b465ee728b)
Start importing Assets/Character Configurator Assets/Male/Chr_ArmLowerLeft_Male_11.mesh using Guid(9f5934b02b3ecac44b270cf13ff244b0) Importer(815301076,1909f56bfc062723c751e8b465ee728b)  -> (artifact id: '9a2318039c1ccd03473f5aee6537689c') in 0.010873 seconds 
========================================================================
Received Import Request.
  Time since last request: 0.000016 seconds.
  path: Assets/Character Configurator Assets/Male/Chr_ArmLowerLeft_Male_14.mesh
  artifactKey: Guid(1e4175695f53b8842ac2ea440edfb804) Importer(815301076,1909f56bfc062723c751e8b465ee728b)
Start importing Assets/Character Configurator Assets/Male/Chr_ArmLowerLeft_Male_14.mesh using Guid(1e4175695f53b8842ac2ea440edfb804) Importer(815301076,1909f56bfc062723c751e8b465ee728b)  -> (artifact id: '3cdd3b8fba435a57ddc6e16392ce7b1a') in 0.010477 seconds 
========================================================================
Received Import Request.
  Time since last request: 0.000017 seconds.
  path: Assets/Character Configurator Assets/Female/Chr_ArmLowerLeft_Female_08.mesh
  artifactKey: Guid(4c6bb45a93a4bd84aa997cc10ff03927) Importer(815301076,1909f56bfc062723c751e8b465ee728b)
Start importing Assets/Character Configurator Assets/Female/Chr_ArmLowerLeft_Female_08.mesh using Guid(4c6bb45a93a4bd84aa997cc10ff03927) Importer(815301076,1909f56bfc062723c751e8b465ee728b)  -> (artifact id: '81e70eeb9b58de42f2125f86519af240') in 0.015695 seconds 
========================================================================
Received Import Request.
  Time since last request: 0.000017 seconds.
  path: Assets/Character Configurator Assets/Male/Chr_ArmUpperLeft_Male_05.mesh
  artifactKey: Guid(d8a4bb51cf2d35f468ade2f3647e1b0d) Importer(815301076,1909f56bfc062723c751e8b465ee728b)
Start importing Assets/Character Configurator Assets/Male/Chr_ArmUpperLeft_Male_05.mesh using Guid(d8a4bb51cf2d35f468ade2f3647e1b0d) Importer(815301076,1909f56bfc062723c751e8b465ee728b)  -> (artifact id: '90b93e89de8e405d48b89fcbc50fee41') in 0.011572 seconds 
========================================================================
Received Import Request.
  Time since last request: 0.000016 seconds.
  path: Assets/Character Configurator Assets/Male/Chr_ArmLowerLeft_Male_13.mesh
  artifactKey: Guid(4f58a1de6afb836429fe8cf513a9ace2) Importer(815301076,1909f56bfc062723c751e8b465ee728b)
Start importing Assets/Character Configurator Assets/Male/Chr_ArmLowerLeft_Male_13.mesh using Guid(4f58a1de6afb836429fe8cf513a9ace2) Importer(815301076,1909f56bfc062723c751e8b465ee728b)  -> (artifact id: 'fecebe382a41e312bbdd6b45ea854982') in 0.011350 seconds 
========================================================================
Received Import Request.
  Time since last request: 0.000018 seconds.
  path: Assets/Character Configurator Assets/Male/Chr_ArmLowerLeft_Male_02.mesh
  artifactKey: Guid(3e185b83d92fc8045aaca8c77e4d32bc) Importer(815301076,1909f56bfc062723c751e8b465ee728b)
Start importing Assets/Character Configurator Assets/Male/Chr_ArmLowerLeft_Male_02.mesh using Guid(3e185b83d92fc8045aaca8c77e4d32bc) Importer(815301076,1909f56bfc062723c751e8b465ee728b)  -> (artifact id: 'dc4269ad2c86331abaa19b8d177b804d') in 0.010224 seconds 
========================================================================
Received Import Request.
  Time since last request: 0.000017 seconds.
  path: Assets/Character Configurator Assets/Female/Chr_ArmLowerRight_Female_16.mesh
  artifactKey: Guid(52468f18a1c643247b2a8808fea7002c) Importer(815301076,1909f56bfc062723c751e8b465ee728b)
Start importing Assets/Character Configurator Assets/Female/Chr_ArmLowerRight_Female_16.mesh using Guid(52468f18a1c643247b2a8808fea7002c) Importer(815301076,1909f56bfc062723c751e8b465ee728b)  -> (artifact id: '41cf2e3991f60cd36a331fbbbd4af329') in 0.014148 seconds 
========================================================================
Received Import Request.
  Time since last request: 0.000015 seconds.
  path: Assets/Character Configurator Assets/Male/Chr_ArmUpperLeft_Male_00.mesh
  artifactKey: Guid(f2f6978a91ddd7d4a894a259ecc7d6f4) Importer(815301076,1909f56bfc062723c751e8b465ee728b)
Start importing Assets/Character Configurator Assets/Male/Chr_ArmUpperLeft_Male_00.mesh using Guid(f2f6978a91ddd7d4a894a259ecc7d6f4) Importer(815301076,1909f56bfc062723c751e8b465ee728b)  -> (artifact id: 'f19fde64c665a829f078260bebc0572d') in 0.010111 seconds 
========================================================================
Received Import Request.
  Time since last request: 0.000014 seconds.
  path: Assets/Character Configurator Assets/Male/Chr_ArmUpperLeft_Male_04.mesh
  artifactKey: Guid(0211c9931202e96419a5b5ab3f305df1) Importer(815301076,1909f56bfc062723c751e8b465ee728b)
Start importing Assets/Character Configurator Assets/Male/Chr_ArmUpperLeft_Male_04.mesh using Guid(0211c9931202e96419a5b5ab3f305df1) Importer(815301076,1909f56bfc062723c751e8b465ee728b)  -> (artifact id: '66c4ff2eaf39a1d358b171c19a68c0ab') in 0.010305 seconds 
========================================================================
Received Import Request.
  Time since last request: 0.000017 seconds.
  path: Assets/Character Configurator Assets/Female/Chr_ArmLowerRight_Female_08.mesh
  artifactKey: Guid(0e49ba730a5fe474f8a1b74c56089140) Importer(815301076,1909f56bfc062723c751e8b465ee728b)
Start importing Assets/Character Configurator Assets/Female/Chr_ArmLowerRight_Female_08.mesh using Guid(0e49ba730a5fe474f8a1b74c56089140) Importer(815301076,1909f56bfc062723c751e8b465ee728b)  -> (artifact id: 'ab527181eeedd0741e7582cc12696ee1') in 0.015954 seconds 
========================================================================
Received Import Request.
  Time since last request: 0.000026 seconds.
  path: Assets/Character Configurator Assets/Male/Chr_ArmLowerRight_Male_03.mesh
  artifactKey: Guid(425a80bff0a95af4aa4f2b2c37d8356f) Importer(815301076,1909f56bfc062723c751e8b465ee728b)
Start importing Assets/Character Configurator Assets/Male/Chr_ArmLowerRight_Male_03.mesh using Guid(425a80bff0a95af4aa4f2b2c37d8356f) Importer(815301076,1909f56bfc062723c751e8b465ee728b)  -> (artifact id: '67d1515ed2440ef10e245fd84e50a924') in 0.010543 seconds 
========================================================================
Received Import Request.
  Time since last request: 0.000017 seconds.
  path: Assets/Character Configurator Assets/Female/Chr_ArmLowerRight_Female_05.mesh
  artifactKey: Guid(f965b1d46c6ef49459f9bca938f61380) Importer(815301076,1909f56bfc062723c751e8b465ee728b)
Start importing Assets/Character Configurator Assets/Female/Chr_ArmLowerRight_Female_05.mesh using Guid(f965b1d46c6ef49459f9bca938f61380) Importer(815301076,1909f56bfc062723c751e8b465ee728b)  -> (artifact id: 'e6b496c1a0d9794fb7b38e16ad903fe8') in 0.017239 seconds 
========================================================================
Received Import Request.
  Time since last request: 0.000017 seconds.
  path: Assets/Character Configurator Assets/Male/Chr_ArmLowerRight_Male_10.mesh
  artifactKey: Guid(5a7484e9aba431b4d936f86467741603) Importer(815301076,1909f56bfc062723c751e8b465ee728b)
Start importing Assets/Character Configurator Assets/Male/Chr_ArmLowerRight_Male_10.mesh using Guid(5a7484e9aba431b4d936f86467741603) Importer(815301076,1909f56bfc062723c751e8b465ee728b)  -> (artifact id: 'a37d07a6e74711435d1788aa97a74fe1') in 0.011663 seconds 
========================================================================
Received Import Request.
  Time since last request: 0.000018 seconds.
  path: Assets/Character Configurator Assets/Male/Chr_ArmLowerLeft_Male_15.mesh
  artifactKey: Guid(e26d734d2f9408c4cad14dbe487ff988) Importer(815301076,1909f56bfc062723c751e8b465ee728b)
Start importing Assets/Character Configurator Assets/Male/Chr_ArmLowerLeft_Male_15.mesh using Guid(e26d734d2f9408c4cad14dbe487ff988) Importer(815301076,1909f56bfc062723c751e8b465ee728b)  -> (artifact id: '8ac57eb473f362762fe1e23a6a87c028') in 0.011207 seconds 
========================================================================
Received Import Request.
  Time since last request: 0.000017 seconds.
  path: Assets/Character Configurator Assets/Male/Chr_ArmLowerLeft_Male_01.mesh
  artifactKey: Guid(b5bf9942588b54d4aa6d9dceda43d379) Importer(815301076,1909f56bfc062723c751e8b465ee728b)
Start importing Assets/Character Configurator Assets/Male/Chr_ArmLowerLeft_Male_01.mesh using Guid(b5bf9942588b54d4aa6d9dceda43d379) Importer(815301076,1909f56bfc062723c751e8b465ee728b)  -> (artifact id: '61e99aeb69ff6dfbbdaa97489f75e7ba') in 0.010566 seconds 
========================================================================
Received Import Request.
  Time since last request: 530.078991 seconds.
  path: Assets/Character Configurator Assets/UI Assets/assassin_silhouette_woman.png
  artifactKey: Guid(6adddd879feeaf74a9932d2ac94cd1b0) Importer(815301076,1909f56bfc062723c751e8b465ee728b)
Start importing Assets/Character Configurator Assets/UI Assets/assassin_silhouette_woman.png using Guid(6adddd879feeaf74a9932d2ac94cd1b0) Importer(815301076,1909f56bfc062723c751e8b465ee728b)  -> (artifact id: '9e847b6e3275d47d6deba216c2fb482f') in 0.132635 seconds 
