Using pre-set license
Built from '2021.3/staging' branch; Version is '2021.3.15f1 (e8e88683f834) revision 15263878'; Using compiler version '192829333'; Build Type 'Release'
OS: 'Windows 10  (10.0.19045) 64bit Core' Language: 'en' Physical Memory: 16320 MB
BatchMode: 1, IsHumanControllingUs: 0, StartBugReporterOnCrash: 0, Is64bit: 1, IsPro: 1

COMMAND LINE ARGUMENTS:
C:\Program Files\Unity\Hub\Editor\2021.3.15f1\Editor\Unity.exe
-adb2
-batchMode
-noUpm
-name
AssetImportWorker3
-projectPath
C:/GitHub/character-configurator/Character Configurator
-logFile
Logs/AssetImportWorker3.log
-srvPort
64192
Successfully changed project path to: C:/GitHub/character-configurator/Character Configurator
C:/GitHub/character-configurator/Character Configurator
[UnityMemory] Configuration Parameters - Can be set up in boot.config
    "memorysetup-bucket-allocator-granularity=16"
    "memorysetup-bucket-allocator-bucket-count=8"
    "memorysetup-bucket-allocator-block-size=33554432"
    "memorysetup-bucket-allocator-block-count=8"
    "memorysetup-main-allocator-block-size=16777216"
    "memorysetup-thread-allocator-block-size=16777216"
    "memorysetup-gfx-main-allocator-block-size=16777216"
    "memorysetup-gfx-thread-allocator-block-size=16777216"
    "memorysetup-cache-allocator-block-size=4194304"
    "memorysetup-typetree-allocator-block-size=2097152"
    "memorysetup-profiler-bucket-allocator-granularity=16"
    "memorysetup-profiler-bucket-allocator-bucket-count=8"
    "memorysetup-profiler-bucket-allocator-block-size=33554432"
    "memorysetup-profiler-bucket-allocator-block-count=8"
    "memorysetup-profiler-allocator-block-size=16777216"
    "memorysetup-profiler-editor-allocator-block-size=1048576"
    "memorysetup-temp-allocator-size-main=16777216"
    "memorysetup-job-temp-allocator-block-size=2097152"
    "memorysetup-job-temp-allocator-block-size-background=1048576"
    "memorysetup-job-temp-allocator-reduction-small-platforms=262144"
    "memorysetup-temp-allocator-size-background-worker=32768"
    "memorysetup-temp-allocator-size-job-worker=262144"
    "memorysetup-temp-allocator-size-preload-manager=33554432"
    "memorysetup-temp-allocator-size-nav-mesh-worker=65536"
    "memorysetup-temp-allocator-size-audio-worker=65536"
    "memorysetup-temp-allocator-size-cloud-worker=32768"
    "memorysetup-temp-allocator-size-gi-baking-worker=262144"
    "memorysetup-temp-allocator-size-gfx=262144"
Player connection [11024] Host "[IP] 192.168.1.180 [Port] 0 [Flags] 2 [Guid] 1317741017 [EditorId] 1317741017 [Version] 1048832 [Id] WindowsEditor(7,DESKTOP-G617HBI) [Debug] 1 [PackageName] WindowsEditor [ProjectName] Editor" joined multi-casting on [225.0.0.222:54997]...

Player connection [11024] Host "[IP] 192.168.1.180 [Port] 0 [Flags] 2 [Guid] 1317741017 [EditorId] 1317741017 [Version] 1048832 [Id] WindowsEditor(7,DESKTOP-G617HBI) [Debug] 1 [PackageName] WindowsEditor [ProjectName] Editor" joined alternative multi-casting on [225.0.0.222:34997]...

Refreshing native plugins compatible for Editor in 96.10 ms, found 3 plugins.
Preloading 0 native plugins for Editor in 0.00 ms.
Initialize engine version: 2021.3.15f1 (e8e88683f834)
[Subsystems] Discovering subsystems at path C:/Program Files/Unity/Hub/Editor/2021.3.15f1/Editor/Data/Resources/UnitySubsystems
[Subsystems] Discovering subsystems at path C:/GitHub/character-configurator/Character Configurator/Assets
GfxDevice: creating device client; threaded=0; jobified=0
Direct3D:
    Version:  Direct3D 11.0 [level 11.1]
    Renderer: AMD Radeon RX 5700 (ID=0x731f)
    Vendor:   ATI
    VRAM:     8151 MB
    Driver:   31.0.12027.7000
Initialize mono
Mono path[0] = 'C:/Program Files/Unity/Hub/Editor/2021.3.15f1/Editor/Data/Managed'
Mono path[1] = 'C:/Program Files/Unity/Hub/Editor/2021.3.15f1/Editor/Data/MonoBleedingEdge/lib/mono/unityjit-win32'
Mono config path = 'C:/Program Files/Unity/Hub/Editor/2021.3.15f1/Editor/Data/MonoBleedingEdge/etc'
Using monoOptions --debugger-agent=transport=dt_socket,embedding=1,server=y,suspend=n,address=127.0.0.1:56952
Begin MonoManager ReloadAssembly
Registering precompiled unity dll's ...
Register platform support module: C:/Program Files/Unity/Hub/Editor/2021.3.15f1/Editor/Data/PlaybackEngines/WebGLSupport/UnityEditor.WebGL.Extensions.dll
Register platform support module: C:/Program Files/Unity/Hub/Editor/2021.3.15f1/Editor/Data/PlaybackEngines/MacStandaloneSupport/UnityEditor.OSXStandalone.Extensions.dll
Register platform support module: C:/Program Files/Unity/Hub/Editor/2021.3.15f1/Editor/Data/PlaybackEngines/WindowsStandaloneSupport/UnityEditor.WindowsStandalone.Extensions.dll
Register platform support module: C:/Program Files/Unity/Hub/Editor/2021.3.15f1/Editor/Data/PlaybackEngines/MetroSupport/UnityEditor.UWP.Extensions.dll
Registered in 0.011372 seconds.
Native extension for UWP target not found
Native extension for WindowsStandalone target not found
Native extension for OSXStandalone target not found
Native extension for WebGL target not found
Refreshing native plugins compatible for Editor in 87.45 ms, found 3 plugins.
Preloading 0 native plugins for Editor in 0.00 ms.
Mono: successfully reloaded assembly
- Completed reload, in  0.666 seconds
Domain Reload Profiling:
	ReloadAssembly (667ms)
		BeginReloadAssembly (75ms)
			ExecutionOrderSort (0ms)
			DisableScriptedObjects (0ms)
			BackupInstance (0ms)
			ReleaseScriptingObjects (0ms)
			CreateAndSetChildDomain (1ms)
		EndReloadAssembly (449ms)
			LoadAssemblies (73ms)
			RebuildTransferFunctionScriptingTraits (0ms)
			SetupTypeCache (110ms)
			ReleaseScriptCaches (0ms)
			RebuildScriptCaches (29ms)
			SetupLoadedEditorAssemblies (259ms)
				LogAssemblyErrors (0ms)
				InitializePlatformSupportModulesInManaged (14ms)
				SetLoadedEditorAssemblies (0ms)
				RefreshPlugins (88ms)
				BeforeProcessingInitializeOnLoad (1ms)
				ProcessInitializeOnLoadAttributes (119ms)
				ProcessInitializeOnLoadMethodAttributes (38ms)
				AfterProcessingInitializeOnLoad (0ms)
				EditorAssembliesLoaded (0ms)
			ExecutionOrderSort2 (0ms)
			AwakeInstancesAfterBackupRestoration (0ms)
Platform modules already initialized, skipping
Registering precompiled user dll's ...
Registered in 0.006221 seconds.
Begin MonoManager ReloadAssembly
Symbol file LoadedFromMemory doesn't match image C:\GitHub\character-configurator\Character Configurator\Library\PackageCache\com.unity.visualscripting@1.7.8\Editor\VisualScripting.Core\Dependencies\YamlDotNet\Unity.VisualScripting.YamlDotNet.dll
Symbol file LoadedFromMemory doesn't match image C:\GitHub\character-configurator\Character Configurator\Library\PackageCache\com.unity.visualscripting@1.7.8\Editor\VisualScripting.Core\Dependencies\DotNetZip\Unity.VisualScripting.IonicZip.dll
Native extension for UWP target not found
Native extension for WindowsStandalone target not found
Native extension for OSXStandalone target not found
Native extension for WebGL target not found
Refreshing native plugins compatible for Editor in 0.73 ms, found 3 plugins.
Preloading 0 native plugins for Editor in 0.00 ms.
Mono: successfully reloaded assembly
- Completed reload, in  0.893 seconds
Domain Reload Profiling:
	ReloadAssembly (893ms)
		BeginReloadAssembly (96ms)
			ExecutionOrderSort (0ms)
			DisableScriptedObjects (5ms)
			BackupInstance (0ms)
			ReleaseScriptingObjects (0ms)
			CreateAndSetChildDomain (17ms)
		EndReloadAssembly (693ms)
			LoadAssemblies (70ms)
			RebuildTransferFunctionScriptingTraits (0ms)
			SetupTypeCache (224ms)
			ReleaseScriptCaches (1ms)
			RebuildScriptCaches (40ms)
			SetupLoadedEditorAssemblies (328ms)
				LogAssemblyErrors (0ms)
				InitializePlatformSupportModulesInManaged (10ms)
				SetLoadedEditorAssemblies (0ms)
				RefreshPlugins (1ms)
				BeforeProcessingInitializeOnLoad (80ms)
				ProcessInitializeOnLoadAttributes (208ms)
				ProcessInitializeOnLoadMethodAttributes (20ms)
				AfterProcessingInitializeOnLoad (8ms)
				EditorAssembliesLoaded (0ms)
			ExecutionOrderSort2 (0ms)
			AwakeInstancesAfterBackupRestoration (5ms)
Platform modules already initialized, skipping
========================================================================
Worker process is ready to serve import requests
Launched and connected shader compiler UnityShaderCompiler.exe after 0.04 seconds
Refreshing native plugins compatible for Editor in 0.70 ms, found 3 plugins.
Preloading 0 native plugins for Editor in 0.00 ms.
Unloading 3363 Unused Serialized files (Serialized files now loaded: 0)
Unloading 27 unused Assets / (113.6 KB). Loaded Objects now: 3821.
Memory consumption went from 119.4 MB to 119.3 MB.
Total: 2.707900 ms (FindLiveObjects: 0.238600 ms CreateObjectMapping: 0.087500 ms MarkObjects: 2.292100 ms  DeleteObjects: 0.089000 ms)

AssetImportParameters requested are different than current active one (requested -> active):
  custom:video-decoder-ogg-theora: a1e56fd34408186e4bbccfd4996cb3dc -> 
  custom:container-muxer-webm: aa71ff27fc2769a1b78a27578f13a17b -> 
  custom:container-demuxer-webm: 4f35f7cbe854078d1ac9338744f61a02 -> 
  custom:video-encoder-webm-vp8: eb34c28f22e8b96e1ab97ce403110664 -> 
  custom:audio-encoder-webm-vorbis: bf7c407c2cedff20999df2af8eb42d56 -> 
  custom:framework-win-MediaFoundation: 216162199b28c13a410421893ffa2e32 -> 
  custom:container-demuxer-ogg: 62fdf1f143b41e24485cea50d1cbac27 -> 
  custom:video-decoder-webm-vp8: 9c59270c3fd7afecdb556c50c9e8de78 -> 
  custom:audio-decoder-ogg-vorbis: bf7c407c2cedff20999df2af8eb42d56 -> 
========================================================================
Received Import Request.
  Time since last request: 109657.374520 seconds.
  path: Assets/PolygonFantasyHeroCharacters/Models/ModularCharacter_StaticParts/Chr_ArmUpperLeft_Female_07_Static.fbx
  artifactKey: Guid(bf9aca5a512f9a64a9c3e7ef1fe52176) Importer(815301076,1909f56bfc062723c751e8b465ee728b)
Start importing Assets/PolygonFantasyHeroCharacters/Models/ModularCharacter_StaticParts/Chr_ArmUpperLeft_Female_07_Static.fbx using Guid(bf9aca5a512f9a64a9c3e7ef1fe52176) Importer(815301076,1909f56bfc062723c751e8b465ee728b)  -> (artifact id: '9d965d2b838207fa2b7aaba6da201895') in 0.145006 seconds 
========================================================================
Received Import Request.
  Time since last request: 0.000017 seconds.
  path: Assets/PolygonFantasyHeroCharacters/Models/ModularCharacter_StaticParts/Chr_ArmUpperRight_Female_03_Static.fbx
  artifactKey: Guid(dd2bd597a9f8b534fb04a0cd3fe9252d) Importer(815301076,1909f56bfc062723c751e8b465ee728b)
Start importing Assets/PolygonFantasyHeroCharacters/Models/ModularCharacter_StaticParts/Chr_ArmUpperRight_Female_03_Static.fbx using Guid(dd2bd597a9f8b534fb04a0cd3fe9252d) Importer(815301076,1909f56bfc062723c751e8b465ee728b)  -> (artifact id: '95066f9783ae7dc6a5e3caaaa418cc0f') in 0.016295 seconds 
========================================================================
Received Import Request.
  Time since last request: 0.000021 seconds.
  path: Assets/PolygonFantasyHeroCharacters/Models/ModularCharacter_StaticParts/Chr_ArmUpperRight_Female_11_Static.fbx
  artifactKey: Guid(52fa12531adc173469e5ae569ba7cc72) Importer(815301076,1909f56bfc062723c751e8b465ee728b)
Start importing Assets/PolygonFantasyHeroCharacters/Models/ModularCharacter_StaticParts/Chr_ArmUpperRight_Female_11_Static.fbx using Guid(52fa12531adc173469e5ae569ba7cc72) Importer(815301076,1909f56bfc062723c751e8b465ee728b)  -> (artifact id: 'a0fbc628f09f633b1998281a876265ab') in 0.014092 seconds 
========================================================================
Received Import Request.
  Time since last request: 0.000016 seconds.
  path: Assets/PolygonFantasyHeroCharacters/Models/ModularCharacter_StaticParts/Chr_ArmUpperRight_Male_14_Static.fbx
  artifactKey: Guid(3a3e48fc8a3741b4484ddd01368511eb) Importer(815301076,1909f56bfc062723c751e8b465ee728b)
Start importing Assets/PolygonFantasyHeroCharacters/Models/ModularCharacter_StaticParts/Chr_ArmUpperRight_Male_14_Static.fbx using Guid(3a3e48fc8a3741b4484ddd01368511eb) Importer(815301076,1909f56bfc062723c751e8b465ee728b)  -> (artifact id: '5276f80d784f4dd7582ed8057557e1b8') in 0.014249 seconds 
========================================================================
Received Import Request.
  Time since last request: 0.000015 seconds.
  path: Assets/PolygonFantasyHeroCharacters/Models/ModularCharacter_StaticParts/Chr_ArmUpperRight_Female_12_Static.fbx
  artifactKey: Guid(18006c56b4fc7074b9ea510f34158121) Importer(815301076,1909f56bfc062723c751e8b465ee728b)
Start importing Assets/PolygonFantasyHeroCharacters/Models/ModularCharacter_StaticParts/Chr_ArmUpperRight_Female_12_Static.fbx using Guid(18006c56b4fc7074b9ea510f34158121) Importer(815301076,1909f56bfc062723c751e8b465ee728b)  -> (artifact id: '59ddd6f9aae3629d465757e5a65eb538') in 0.014349 seconds 
========================================================================
Received Import Request.
  Time since last request: 0.000015 seconds.
  path: Assets/PolygonFantasyHeroCharacters/Models/ModularCharacter_StaticParts/Chr_BackAttachment_01_Static.fbx
  artifactKey: Guid(cfbfa54f2878b7143926d4546e45f72a) Importer(815301076,1909f56bfc062723c751e8b465ee728b)
Start importing Assets/PolygonFantasyHeroCharacters/Models/ModularCharacter_StaticParts/Chr_BackAttachment_01_Static.fbx using Guid(cfbfa54f2878b7143926d4546e45f72a) Importer(815301076,1909f56bfc062723c751e8b465ee728b)  -> (artifact id: '843949ccf52e73110ce09620e01615d8') in 0.013876 seconds 
========================================================================
Received Import Request.
  Time since last request: 0.000015 seconds.
  path: Assets/PolygonFantasyHeroCharacters/Models/ModularCharacter_StaticParts/Chr_ArmUpperLeft_Male_03_Static.fbx
  artifactKey: Guid(b4090ef018b5ae745a856710c2d712fc) Importer(815301076,1909f56bfc062723c751e8b465ee728b)
Start importing Assets/PolygonFantasyHeroCharacters/Models/ModularCharacter_StaticParts/Chr_ArmUpperLeft_Male_03_Static.fbx using Guid(b4090ef018b5ae745a856710c2d712fc) Importer(815301076,1909f56bfc062723c751e8b465ee728b)  -> (artifact id: 'b694afdb3f0b33c752122a2425ce7e39') in 0.013364 seconds 
========================================================================
Received Import Request.
  Time since last request: 0.000016 seconds.
  path: Assets/PolygonFantasyHeroCharacters/Models/ModularCharacter_StaticParts/Chr_ArmUpperLeft_Male_18_Static.fbx
  artifactKey: Guid(cc13970412178a744a6b1a49e30af393) Importer(815301076,1909f56bfc062723c751e8b465ee728b)
Start importing Assets/PolygonFantasyHeroCharacters/Models/ModularCharacter_StaticParts/Chr_ArmUpperLeft_Male_18_Static.fbx using Guid(cc13970412178a744a6b1a49e30af393) Importer(815301076,1909f56bfc062723c751e8b465ee728b)  -> (artifact id: 'd3219f62785cd47a616c1140290db7cf') in 0.013855 seconds 
========================================================================
Received Import Request.
  Time since last request: 0.000016 seconds.
  path: Assets/PolygonFantasyHeroCharacters/Models/ModularCharacter_StaticParts/Chr_ArmUpperRight_Male_04_Static.fbx
  artifactKey: Guid(0431c5b2c83902f4884d51b50a483701) Importer(815301076,1909f56bfc062723c751e8b465ee728b)
Start importing Assets/PolygonFantasyHeroCharacters/Models/ModularCharacter_StaticParts/Chr_ArmUpperRight_Male_04_Static.fbx using Guid(0431c5b2c83902f4884d51b50a483701) Importer(815301076,1909f56bfc062723c751e8b465ee728b)  -> (artifact id: '441018330402d959211fa2a5fc0745ff') in 0.015274 seconds 
========================================================================
Received Import Request.
  Time since last request: 0.000020 seconds.
  path: Assets/PolygonFantasyHeroCharacters/Models/ModularCharacter_StaticParts/Chr_ArmUpperRight_Female_18_Static.fbx
  artifactKey: Guid(e9c6d1c3647dd0d449eb2df94c632db1) Importer(815301076,1909f56bfc062723c751e8b465ee728b)
Start importing Assets/PolygonFantasyHeroCharacters/Models/ModularCharacter_StaticParts/Chr_ArmUpperRight_Female_18_Static.fbx using Guid(e9c6d1c3647dd0d449eb2df94c632db1) Importer(815301076,1909f56bfc062723c751e8b465ee728b)  -> (artifact id: '1398f805db2e56b44a98b31416728121') in 0.013424 seconds 
========================================================================
Received Import Request.
  Time since last request: 0.000016 seconds.
  path: Assets/PolygonFantasyHeroCharacters/Models/ModularCharacter_StaticParts/Chr_ArmUpperLeft_Male_01_Static.fbx
  artifactKey: Guid(11657ed156198d144b8acbde967512a9) Importer(815301076,1909f56bfc062723c751e8b465ee728b)
Start importing Assets/PolygonFantasyHeroCharacters/Models/ModularCharacter_StaticParts/Chr_ArmUpperLeft_Male_01_Static.fbx using Guid(11657ed156198d144b8acbde967512a9) Importer(815301076,1909f56bfc062723c751e8b465ee728b)  -> (artifact id: '5ef190d17958b29418dca9fc3971d9fe') in 0.013062 seconds 
========================================================================
Received Import Request.
  Time since last request: 0.000016 seconds.
  path: Assets/PolygonFantasyHeroCharacters/Models/ModularCharacter_StaticParts/Chr_ArmUpperLeft_Male_04_Static.fbx
  artifactKey: Guid(d410c517288aa09469102cb759374491) Importer(815301076,1909f56bfc062723c751e8b465ee728b)
Start importing Assets/PolygonFantasyHeroCharacters/Models/ModularCharacter_StaticParts/Chr_ArmUpperLeft_Male_04_Static.fbx using Guid(d410c517288aa09469102cb759374491) Importer(815301076,1909f56bfc062723c751e8b465ee728b)  -> (artifact id: '4264e06a37571166b96e8b0c05641ddb') in 0.012857 seconds 
========================================================================
Received Import Request.
  Time since last request: 0.000015 seconds.
  path: Assets/PolygonFantasyHeroCharacters/Models/ModularCharacter_StaticParts/Chr_ArmUpperRight_Male_11_Static.fbx
  artifactKey: Guid(6494c3dd5db1e0144a60c138deb54856) Importer(815301076,1909f56bfc062723c751e8b465ee728b)
Start importing Assets/PolygonFantasyHeroCharacters/Models/ModularCharacter_StaticParts/Chr_ArmUpperRight_Male_11_Static.fbx using Guid(6494c3dd5db1e0144a60c138deb54856) Importer(815301076,1909f56bfc062723c751e8b465ee728b)  -> (artifact id: '34c3c405ffdaa9d926a3de8625fa48d6') in 0.013418 seconds 
========================================================================
Received Import Request.
  Time since last request: 0.000019 seconds.
  path: Assets/PolygonFantasyHeroCharacters/Models/ModularCharacter_StaticParts/Chr_ArmUpperRight_Female_15_Static.fbx
  artifactKey: Guid(c9f5075fa2cceb548acefce0e4a52223) Importer(815301076,1909f56bfc062723c751e8b465ee728b)
Start importing Assets/PolygonFantasyHeroCharacters/Models/ModularCharacter_StaticParts/Chr_ArmUpperRight_Female_15_Static.fbx using Guid(c9f5075fa2cceb548acefce0e4a52223) Importer(815301076,1909f56bfc062723c751e8b465ee728b)  -> (artifact id: '103be786c18bc1ded65cbd8fa4c812bd') in 0.013392 seconds 
========================================================================
Received Import Request.
  Time since last request: 0.000025 seconds.
  path: Assets/PolygonFantasyHeroCharacters/Models/ModularCharacter_StaticParts/Chr_ArmUpperLeft_Female_12_Static.fbx
  artifactKey: Guid(299899c4933a77046bf1d0d018a2b45c) Importer(815301076,1909f56bfc062723c751e8b465ee728b)
Start importing Assets/PolygonFantasyHeroCharacters/Models/ModularCharacter_StaticParts/Chr_ArmUpperLeft_Female_12_Static.fbx using Guid(299899c4933a77046bf1d0d018a2b45c) Importer(815301076,1909f56bfc062723c751e8b465ee728b)  -> (artifact id: '112f1827ecdff0fa6894e81a1b09c8f0') in 0.013686 seconds 
========================================================================
Received Import Request.
  Time since last request: 0.000018 seconds.
  path: Assets/PolygonFantasyHeroCharacters/Models/ModularCharacter_StaticParts/Chr_ArmUpperRight_Male_05_Static.fbx
  artifactKey: Guid(0641b8f92afec7e4fa2b0408d5f24bc7) Importer(815301076,1909f56bfc062723c751e8b465ee728b)
Start importing Assets/PolygonFantasyHeroCharacters/Models/ModularCharacter_StaticParts/Chr_ArmUpperRight_Male_05_Static.fbx using Guid(0641b8f92afec7e4fa2b0408d5f24bc7) Importer(815301076,1909f56bfc062723c751e8b465ee728b)  -> (artifact id: '006eba0914332c4ccfbe0f955f420d1e') in 0.014941 seconds 
========================================================================
Received Import Request.
  Time since last request: 0.000018 seconds.
  path: Assets/PolygonFantasyHeroCharacters/Models/ModularCharacter_StaticParts/Chr_ArmUpperRight_Male_19_Static.fbx
  artifactKey: Guid(f1f3aada302508a44b51e329e3d95524) Importer(815301076,1909f56bfc062723c751e8b465ee728b)
Start importing Assets/PolygonFantasyHeroCharacters/Models/ModularCharacter_StaticParts/Chr_ArmUpperRight_Male_19_Static.fbx using Guid(f1f3aada302508a44b51e329e3d95524) Importer(815301076,1909f56bfc062723c751e8b465ee728b)  -> (artifact id: '372f84ac0c71982374d57cd8f969ba72') in 0.013362 seconds 
========================================================================
Received Import Request.
  Time since last request: 0.000020 seconds.
  path: Assets/PolygonFantasyHeroCharacters/Models/ModularCharacter_StaticParts/Chr_ArmUpperLeft_Female_08_Static.fbx
  artifactKey: Guid(2247208a0f0e9d846a27640ae5b5dcee) Importer(815301076,1909f56bfc062723c751e8b465ee728b)
Start importing Assets/PolygonFantasyHeroCharacters/Models/ModularCharacter_StaticParts/Chr_ArmUpperLeft_Female_08_Static.fbx using Guid(2247208a0f0e9d846a27640ae5b5dcee) Importer(815301076,1909f56bfc062723c751e8b465ee728b)  -> (artifact id: '325ff02c88b03960894a5c16b333f983') in 0.014198 seconds 
========================================================================
Received Import Request.
  Time since last request: 0.000017 seconds.
  path: Assets/PolygonFantasyHeroCharacters/Models/ModularCharacter_StaticParts/Chr_ArmUpperRight_Female_19_Static.fbx
  artifactKey: Guid(18a4a41db3e9c7c438d369b79723f671) Importer(815301076,1909f56bfc062723c751e8b465ee728b)
Start importing Assets/PolygonFantasyHeroCharacters/Models/ModularCharacter_StaticParts/Chr_ArmUpperRight_Female_19_Static.fbx using Guid(18a4a41db3e9c7c438d369b79723f671) Importer(815301076,1909f56bfc062723c751e8b465ee728b)  -> (artifact id: 'd1dede5e8797a1de4f694b3b6d1c359a') in 0.013363 seconds 
========================================================================
Received Import Request.
  Time since last request: 0.000016 seconds.
  path: Assets/PolygonFantasyHeroCharacters/Models/ModularCharacter_StaticParts/Chr_ArmUpperRight_Male_18_Static.fbx
  artifactKey: Guid(926ca2fbc39651a4ebac40d14ff30598) Importer(815301076,1909f56bfc062723c751e8b465ee728b)
Start importing Assets/PolygonFantasyHeroCharacters/Models/ModularCharacter_StaticParts/Chr_ArmUpperRight_Male_18_Static.fbx using Guid(926ca2fbc39651a4ebac40d14ff30598) Importer(815301076,1909f56bfc062723c751e8b465ee728b)  -> (artifact id: 'de3c1c7cd64152695d4fe876e6dcdbe9') in 0.014974 seconds 
========================================================================
Received Import Request.
  Time since last request: 0.000016 seconds.
  path: Assets/PolygonFantasyHeroCharacters/Models/ModularCharacter_StaticParts/Chr_ArmUpperLeft_Male_10_Static.fbx
  artifactKey: Guid(f17527fa1238bf948b730aac00caa798) Importer(815301076,1909f56bfc062723c751e8b465ee728b)
Start importing Assets/PolygonFantasyHeroCharacters/Models/ModularCharacter_StaticParts/Chr_ArmUpperLeft_Male_10_Static.fbx using Guid(f17527fa1238bf948b730aac00caa798) Importer(815301076,1909f56bfc062723c751e8b465ee728b)  -> (artifact id: '54706cc56b0317c233baf7d013bd0b6b') in 0.014829 seconds 
========================================================================
Received Import Request.
  Time since last request: 0.000015 seconds.
  path: Assets/PolygonFantasyHeroCharacters/Models/ModularCharacter_StaticParts/Chr_ArmUpperRight_Male_07_Static.fbx
  artifactKey: Guid(ae0bf761d57e6594dba243a8977c90ff) Importer(815301076,1909f56bfc062723c751e8b465ee728b)
Start importing Assets/PolygonFantasyHeroCharacters/Models/ModularCharacter_StaticParts/Chr_ArmUpperRight_Male_07_Static.fbx using Guid(ae0bf761d57e6594dba243a8977c90ff) Importer(815301076,1909f56bfc062723c751e8b465ee728b)  -> (artifact id: 'f4ffcf7e1f8c810aaaa382031ae0d17a') in 0.013511 seconds 
========================================================================
Received Import Request.
  Time since last request: 0.000018 seconds.
  path: Assets/PolygonFantasyHeroCharacters/Models/ModularCharacter_StaticParts/Chr_ArmUpperRight_Male_01_Static.fbx
  artifactKey: Guid(6eb187eb7475e0c4c893b5c70136672b) Importer(815301076,1909f56bfc062723c751e8b465ee728b)
Start importing Assets/PolygonFantasyHeroCharacters/Models/ModularCharacter_StaticParts/Chr_ArmUpperRight_Male_01_Static.fbx using Guid(6eb187eb7475e0c4c893b5c70136672b) Importer(815301076,1909f56bfc062723c751e8b465ee728b)  -> (artifact id: 'ccbdbc20e0bbba2ac3059663e20c558d') in 0.013535 seconds 
Editor requested this worker to shutdown with reason: Scaling down because of idle timeout
AssetImportWorker is now disconnected from the server
Process exiting
Exiting without the bug reporter. Application will terminate with return code 0